[2025-12-25T00:05:26.988+0000] {manager.py:488} INFO - Processing files using up to 2 processes at a time 
[2025-12-25T00:05:26.988+0000] {manager.py:489} INFO - Process each file at most once every 30 seconds
[2025-12-25T00:05:26.988+0000] {manager.py:490} INFO - Checking for new files in /opt/airflow/dags every 300 seconds
[2025-12-25T00:05:26.989+0000] {manager.py:760} INFO - Searching for files in /opt/airflow/dags
[2025-12-25T00:05:27.016+0000] {manager.py:763} INFO - There are 1 files in /opt/airflow/dags
[2025-12-25T00:05:27.197+0000] {manager.py:888} INFO - 
================================================================================
DAG File Processing Stats

File Path                                  PID  Runtime      # DAGs    # Errors  Last Runtime    Last Run
---------------------------------------  -----  ---------  --------  ----------  --------------  ----------
/opt/airflow/dags/game_analytics_dag.py    163  0.08s             0           0
================================================================================
[2025-12-25T00:05:57.410+0000] {manager.py:888} INFO - 
================================================================================
DAG File Processing Stats

File Path                                  PID  Runtime      # DAGs    # Errors  Last Runtime    Last Run
---------------------------------------  -----  ---------  --------  ----------  --------------  -------------------
/opt/airflow/dags/game_analytics_dag.py    169  0.02s             0           1  0.11s           2025-12-25T00:05:27
================================================================================
[2025-12-25T00:06:18.116+0000] {manager.py:470} INFO - Exiting gracefully upon receiving signal 15
[2025-12-25T00:07:03.055+0000] {manager.py:488} INFO - Processing files using up to 2 processes at a time 
[2025-12-25T00:07:03.057+0000] {manager.py:489} INFO - Process each file at most once every 30 seconds
[2025-12-25T00:07:03.057+0000] {manager.py:490} INFO - Checking for new files in /opt/airflow/dags every 300 seconds
[2025-12-25T00:07:03.058+0000] {manager.py:760} INFO - Searching for files in /opt/airflow/dags
[2025-12-25T00:07:03.064+0000] {manager.py:763} INFO - There are 1 files in /opt/airflow/dags
[2025-12-25T00:07:03.281+0000] {manager.py:888} INFO - 
================================================================================
DAG File Processing Stats

File Path                                  PID  Runtime      # DAGs    # Errors  Last Runtime    Last Run
---------------------------------------  -----  ---------  --------  ----------  --------------  ----------
/opt/airflow/dags/game_analytics_dag.py    165  0.07s             0           0
================================================================================
[2025-12-25T00:07:33.430+0000] {manager.py:888} INFO - 
================================================================================
DAG File Processing Stats

File Path                                  PID  Runtime      # DAGs    # Errors  Last Runtime    Last Run
---------------------------------------  -----  ---------  --------  ----------  --------------  -------------------
/opt/airflow/dags/game_analytics_dag.py    170  0.01s             0           1  0.09s           2025-12-25T00:07:03
================================================================================
[2025-12-25T00:08:03.564+0000] {manager.py:888} INFO - 
================================================================================
DAG File Processing Stats

File Path                                  PID  Runtime      # DAGs    # Errors  Last Runtime    Last Run
---------------------------------------  -----  ---------  --------  ----------  --------------  -------------------
/opt/airflow/dags/game_analytics_dag.py    175  0.01s             0           1  0.07s           2025-12-25T00:07:33
================================================================================
[2025-12-25T00:08:33.719+0000] {manager.py:888} INFO - 
================================================================================
DAG File Processing Stats

File Path                                  PID  Runtime      # DAGs    # Errors  Last Runtime    Last Run
---------------------------------------  -----  ---------  --------  ----------  --------------  -------------------
/opt/airflow/dags/game_analytics_dag.py    180  0.01s             0           1  0.07s           2025-12-25T00:08:03
================================================================================
[2025-12-25T00:09:03.854+0000] {manager.py:888} INFO - 
================================================================================
DAG File Processing Stats

File Path                                  PID  Runtime      # DAGs    # Errors  Last Runtime    Last Run
---------------------------------------  -----  ---------  --------  ----------  --------------  -------------------
/opt/airflow/dags/game_analytics_dag.py    185  0.01s             0           1  0.07s           2025-12-25T00:08:33
================================================================================
[2025-12-25T00:09:33.983+0000] {manager.py:888} INFO - 
================================================================================
DAG File Processing Stats

File Path                                  PID  Runtime      # DAGs    # Errors  Last Runtime    Last Run
---------------------------------------  -----  ---------  --------  ----------  --------------  -------------------
/opt/airflow/dags/game_analytics_dag.py    190  0.00s             0           1  0.09s           2025-12-25T00:09:03
================================================================================
[2025-12-25T00:10:04.160+0000] {manager.py:888} INFO - 
================================================================================
DAG File Processing Stats

File Path                                  PID  Runtime      # DAGs    # Errors  Last Runtime    Last Run
---------------------------------------  -----  ---------  --------  ----------  --------------  -------------------
/opt/airflow/dags/game_analytics_dag.py    195  0.01s             0           1  0.06s           2025-12-25T00:09:34
================================================================================
[2025-12-25T00:10:34.307+0000] {manager.py:888} INFO - 
================================================================================
DAG File Processing Stats

File Path                                  PID  Runtime      # DAGs    # Errors  Last Runtime    Last Run
---------------------------------------  -----  ---------  --------  ----------  --------------  -------------------
/opt/airflow/dags/game_analytics_dag.py    200  0.01s             0           1  0.08s           2025-12-25T00:10:04
================================================================================
[2025-12-25T00:11:04.453+0000] {manager.py:888} INFO - 
================================================================================
DAG File Processing Stats

File Path                                  PID  Runtime      # DAGs    # Errors  Last Runtime    Last Run
---------------------------------------  -----  ---------  --------  ----------  --------------  -------------------
/opt/airflow/dags/game_analytics_dag.py    205  0.01s             0           1  0.07s           2025-12-25T00:10:34
================================================================================
[2025-12-25T00:11:34.589+0000] {manager.py:888} INFO - 
================================================================================
DAG File Processing Stats

File Path                                  PID  Runtime      # DAGs    # Errors  Last Runtime    Last Run
---------------------------------------  -----  ---------  --------  ----------  --------------  -------------------
/opt/airflow/dags/game_analytics_dag.py    210  0.01s             0           1  0.07s           2025-12-25T00:11:04
================================================================================
[2025-12-25T00:12:03.718+0000] {manager.py:760} INFO - Searching for files in /opt/airflow/dags
[2025-12-25T00:12:03.720+0000] {manager.py:763} INFO - There are 1 files in /opt/airflow/dags
[2025-12-25T00:12:04.757+0000] {manager.py:888} INFO - 
================================================================================
DAG File Processing Stats

File Path                                  PID  Runtime      # DAGs    # Errors  Last Runtime    Last Run
---------------------------------------  -----  ---------  --------  ----------  --------------  -------------------
/opt/airflow/dags/game_analytics_dag.py    215  0.01s             0           1  0.07s           2025-12-25T00:11:34
================================================================================
[2025-12-25T00:12:34.905+0000] {manager.py:888} INFO - 
================================================================================
DAG File Processing Stats

File Path                                  PID  Runtime      # DAGs    # Errors  Last Runtime    Last Run
---------------------------------------  -----  ---------  --------  ----------  --------------  -------------------
/opt/airflow/dags/game_analytics_dag.py    220  0.01s             0           1  0.08s           2025-12-25T00:12:04
================================================================================
[2025-12-25T00:12:49.922+0000] {manager.py:470} INFO - Exiting gracefully upon receiving signal 15
[2025-12-25T00:25:34.238+0000] {manager.py:488} INFO - Processing files using up to 2 processes at a time 
[2025-12-25T00:25:34.239+0000] {manager.py:489} INFO - Process each file at most once every 30 seconds
[2025-12-25T00:25:34.240+0000] {manager.py:490} INFO - Checking for new files in /opt/airflow/dags every 300 seconds
[2025-12-25T00:25:34.240+0000] {manager.py:760} INFO - Searching for files in /opt/airflow/dags
[2025-12-25T00:25:34.242+0000] {manager.py:763} INFO - There are 1 files in /opt/airflow/dags
[2025-12-25T00:25:34.598+0000] {manager.py:888} INFO - 
================================================================================
DAG File Processing Stats

File Path                                  PID  Runtime      # DAGs    # Errors  Last Runtime    Last Run
---------------------------------------  -----  ---------  --------  ----------  --------------  ----------
/opt/airflow/dags/game_analytics_dag.py    165  0.05s             0           0
================================================================================
[2025-12-25T00:26:04.731+0000] {manager.py:888} INFO - 
================================================================================
DAG File Processing Stats

File Path                                PID    Runtime      # DAGs    # Errors  Last Runtime    Last Run
---------------------------------------  -----  ---------  --------  ----------  --------------  -------------------
/opt/airflow/dags/game_analytics_dag.py                           1           0  0.31s           2025-12-25T00:25:34
================================================================================
[2025-12-25T00:26:35.119+0000] {manager.py:888} INFO - 
================================================================================
DAG File Processing Stats

File Path                                PID    Runtime      # DAGs    # Errors  Last Runtime    Last Run
---------------------------------------  -----  ---------  --------  ----------  --------------  -------------------
/opt/airflow/dags/game_analytics_dag.py                           1           0  0.25s           2025-12-25T00:26:05
================================================================================
[2025-12-25T00:27:05.470+0000] {manager.py:888} INFO - 
================================================================================
DAG File Processing Stats

File Path                                PID    Runtime      # DAGs    # Errors  Last Runtime    Last Run
---------------------------------------  -----  ---------  --------  ----------  --------------  -------------------
/opt/airflow/dags/game_analytics_dag.py                           1           0  0.16s           2025-12-25T00:26:35
================================================================================
[2025-12-25T00:27:35.746+0000] {manager.py:888} INFO - 
================================================================================
DAG File Processing Stats

File Path                                PID    Runtime      # DAGs    # Errors  Last Runtime    Last Run
---------------------------------------  -----  ---------  --------  ----------  --------------  -------------------
/opt/airflow/dags/game_analytics_dag.py                           1           0  0.16s           2025-12-25T00:27:05
================================================================================
[2025-12-25T00:28:05.997+0000] {manager.py:888} INFO - 
================================================================================
DAG File Processing Stats

File Path                                PID    Runtime      # DAGs    # Errors  Last Runtime    Last Run
---------------------------------------  -----  ---------  --------  ----------  --------------  -------------------
/opt/airflow/dags/game_analytics_dag.py                           1           0  0.29s           2025-12-25T00:27:36
================================================================================
[2025-12-25T00:28:36.408+0000] {manager.py:888} INFO - 
================================================================================
DAG File Processing Stats

File Path                                PID    Runtime      # DAGs    # Errors  Last Runtime    Last Run
---------------------------------------  -----  ---------  --------  ----------  --------------  -------------------
/opt/airflow/dags/game_analytics_dag.py                           1           0  0.19s           2025-12-25T00:28:06
================================================================================
[2025-12-25T00:29:06.703+0000] {manager.py:888} INFO - 
================================================================================
DAG File Processing Stats

File Path                                PID    Runtime      # DAGs    # Errors  Last Runtime    Last Run
---------------------------------------  -----  ---------  --------  ----------  --------------  -------------------
/opt/airflow/dags/game_analytics_dag.py                           1           0  0.34s           2025-12-25T00:28:36
================================================================================
[2025-12-25T00:29:37.188+0000] {manager.py:888} INFO - 
================================================================================
DAG File Processing Stats

File Path                                PID    Runtime      # DAGs    # Errors  Last Runtime    Last Run
---------------------------------------  -----  ---------  --------  ----------  --------------  -------------------
/opt/airflow/dags/game_analytics_dag.py                           1           0  0.19s           2025-12-25T00:29:07
================================================================================
[2025-12-25T00:30:07.457+0000] {manager.py:888} INFO - 
================================================================================
DAG File Processing Stats

File Path                                PID    Runtime      # DAGs    # Errors  Last Runtime    Last Run
---------------------------------------  -----  ---------  --------  ----------  --------------  -------------------
/opt/airflow/dags/game_analytics_dag.py                           1           0  0.30s           2025-12-25T00:29:37
================================================================================
[2025-12-25T00:30:34.887+0000] {manager.py:760} INFO - Searching for files in /opt/airflow/dags
[2025-12-25T00:30:34.890+0000] {manager.py:763} INFO - There are 1 files in /opt/airflow/dags
[2025-12-25T00:30:37.908+0000] {manager.py:888} INFO - 
================================================================================
DAG File Processing Stats

File Path                                PID    Runtime      # DAGs    # Errors  Last Runtime    Last Run
---------------------------------------  -----  ---------  --------  ----------  --------------  -------------------
/opt/airflow/dags/game_analytics_dag.py                           1           0  0.35s           2025-12-25T00:30:08
================================================================================
[2025-12-25T00:31:08.366+0000] {manager.py:888} INFO - 
================================================================================
DAG File Processing Stats

File Path                                PID    Runtime      # DAGs    # Errors  Last Runtime    Last Run
---------------------------------------  -----  ---------  --------  ----------  --------------  -------------------
/opt/airflow/dags/game_analytics_dag.py                           1           0  0.18s           2025-12-25T00:30:38
================================================================================
[2025-12-25T00:31:38.641+0000] {manager.py:888} INFO - 
================================================================================
DAG File Processing Stats

File Path                                PID    Runtime      # DAGs    # Errors  Last Runtime    Last Run
---------------------------------------  -----  ---------  --------  ----------  --------------  -------------------
/opt/airflow/dags/game_analytics_dag.py                           1           0  0.34s           2025-12-25T00:31:08
================================================================================
[2025-12-25T00:32:09.285+0000] {manager.py:888} INFO - 
================================================================================
DAG File Processing Stats

File Path                                  PID  Runtime      # DAGs    # Errors  Last Runtime    Last Run
---------------------------------------  -----  ---------  --------  ----------  --------------  -------------------
/opt/airflow/dags/game_analytics_dag.py    238  0.01s             1           0  0.14s           2025-12-25T00:31:39
================================================================================
[2025-12-25T00:32:39.536+0000] {manager.py:888} INFO - 
================================================================================
DAG File Processing Stats

File Path                                  PID  Runtime      # DAGs    # Errors  Last Runtime    Last Run
---------------------------------------  -----  ---------  --------  ----------  --------------  -------------------
/opt/airflow/dags/game_analytics_dag.py    243  0.01s             1           0  0.19s           2025-12-25T00:32:09
================================================================================
[2025-12-25T00:33:09.683+0000] {manager.py:888} INFO - 
================================================================================
DAG File Processing Stats

File Path                                PID    Runtime      # DAGs    # Errors  Last Runtime    Last Run
---------------------------------------  -----  ---------  --------  ----------  --------------  -------------------
/opt/airflow/dags/game_analytics_dag.py                           1           0  0.16s           2025-12-25T00:32:39
================================================================================
[2025-12-25T00:33:39.926+0000] {manager.py:888} INFO - 
================================================================================
DAG File Processing Stats

File Path                                PID    Runtime      # DAGs    # Errors  Last Runtime    Last Run
---------------------------------------  -----  ---------  --------  ----------  --------------  -------------------
/opt/airflow/dags/game_analytics_dag.py                           1           0  0.16s           2025-12-25T00:33:09
================================================================================
[2025-12-25T00:34:10.190+0000] {manager.py:888} INFO - 
================================================================================
DAG File Processing Stats

File Path                                PID    Runtime      # DAGs    # Errors  Last Runtime    Last Run
---------------------------------------  -----  ---------  --------  ----------  --------------  -------------------
/opt/airflow/dags/game_analytics_dag.py                           1           0  0.17s           2025-12-25T00:33:40
================================================================================
[2025-12-25T00:34:40.510+0000] {manager.py:888} INFO - 
================================================================================
DAG File Processing Stats

File Path                                PID    Runtime      # DAGs    # Errors  Last Runtime    Last Run
---------------------------------------  -----  ---------  --------  ----------  --------------  -------------------
/opt/airflow/dags/game_analytics_dag.py                           1           0  0.17s           2025-12-25T00:34:10
================================================================================
[2025-12-25T00:35:10.784+0000] {manager.py:888} INFO - 
================================================================================
DAG File Processing Stats

File Path                                PID    Runtime      # DAGs    # Errors  Last Runtime    Last Run
---------------------------------------  -----  ---------  --------  ----------  --------------  -------------------
/opt/airflow/dags/game_analytics_dag.py                           1           0  0.23s           2025-12-25T00:34:40
================================================================================
[2025-12-25T00:35:35.096+0000] {manager.py:760} INFO - Searching for files in /opt/airflow/dags
[2025-12-25T00:35:35.097+0000] {manager.py:763} INFO - There are 1 files in /opt/airflow/dags
[2025-12-25T00:35:41.139+0000] {manager.py:888} INFO - 
================================================================================
DAG File Processing Stats

File Path                                PID    Runtime      # DAGs    # Errors  Last Runtime    Last Run
---------------------------------------  -----  ---------  --------  ----------  --------------  -------------------
/opt/airflow/dags/game_analytics_dag.py                           1           0  0.34s           2025-12-25T00:35:11
================================================================================
[2025-12-25T00:36:11.607+0000] {manager.py:888} INFO - 
================================================================================
DAG File Processing Stats

File Path                                PID    Runtime      # DAGs    # Errors  Last Runtime    Last Run
---------------------------------------  -----  ---------  --------  ----------  --------------  -------------------
/opt/airflow/dags/game_analytics_dag.py                           1           0  0.20s           2025-12-25T00:35:41
================================================================================
[2025-12-25T00:36:41.970+0000] {manager.py:888} INFO - 
================================================================================
DAG File Processing Stats

File Path                                PID    Runtime      # DAGs    # Errors  Last Runtime    Last Run
---------------------------------------  -----  ---------  --------  ----------  --------------  -------------------
/opt/airflow/dags/game_analytics_dag.py                           1           0  0.21s           2025-12-25T00:36:12
================================================================================
[2025-12-25T00:37:12.275+0000] {manager.py:888} INFO - 
================================================================================
DAG File Processing Stats

File Path                                PID    Runtime      # DAGs    # Errors  Last Runtime    Last Run
---------------------------------------  -----  ---------  --------  ----------  --------------  -------------------
/opt/airflow/dags/game_analytics_dag.py                           1           0  0.20s           2025-12-25T00:36:42
================================================================================
[2025-12-25T00:37:42.593+0000] {manager.py:888} INFO - 
================================================================================
DAG File Processing Stats

File Path                                PID    Runtime      # DAGs    # Errors  Last Runtime    Last Run
---------------------------------------  -----  ---------  --------  ----------  --------------  -------------------
/opt/airflow/dags/game_analytics_dag.py                           1           0  0.16s           2025-12-25T00:37:12
================================================================================
[2025-12-25T00:38:12.870+0000] {manager.py:888} INFO - 
================================================================================
DAG File Processing Stats

File Path                                PID    Runtime      # DAGs    # Errors  Last Runtime    Last Run
---------------------------------------  -----  ---------  --------  ----------  --------------  -------------------
/opt/airflow/dags/game_analytics_dag.py                           1           0  0.19s           2025-12-25T00:37:42
================================================================================
[2025-12-25T00:38:43.169+0000] {manager.py:888} INFO - 
================================================================================
DAG File Processing Stats

File Path                                PID    Runtime      # DAGs    # Errors  Last Runtime    Last Run
---------------------------------------  -----  ---------  --------  ----------  --------------  -------------------
/opt/airflow/dags/game_analytics_dag.py                           1           0  0.16s           2025-12-25T00:38:13
================================================================================
[2025-12-25T00:39:13.422+0000] {manager.py:888} INFO - 
================================================================================
DAG File Processing Stats

File Path                                PID    Runtime      # DAGs    # Errors  Last Runtime    Last Run
---------------------------------------  -----  ---------  --------  ----------  --------------  -------------------
/opt/airflow/dags/game_analytics_dag.py                           1           0  0.16s           2025-12-25T00:38:43
================================================================================
[2025-12-25T00:39:43.703+0000] {manager.py:888} INFO - 
================================================================================
DAG File Processing Stats

File Path                                PID    Runtime      # DAGs    # Errors  Last Runtime    Last Run
---------------------------------------  -----  ---------  --------  ----------  --------------  -------------------
/opt/airflow/dags/game_analytics_dag.py                           1           0  0.21s           2025-12-25T00:39:13
================================================================================
[2025-12-25T00:40:14.029+0000] {manager.py:888} INFO - 
================================================================================
DAG File Processing Stats

File Path                                PID    Runtime      # DAGs    # Errors  Last Runtime    Last Run
---------------------------------------  -----  ---------  --------  ----------  --------------  -------------------
/opt/airflow/dags/game_analytics_dag.py                           1           0  0.13s           2025-12-25T00:39:44
================================================================================
[2025-12-25T00:40:35.235+0000] {manager.py:760} INFO - Searching for files in /opt/airflow/dags
[2025-12-25T00:40:35.237+0000] {manager.py:763} INFO - There are 1 files in /opt/airflow/dags
[2025-12-25T00:40:44.279+0000] {manager.py:888} INFO - 
================================================================================
DAG File Processing Stats

File Path                                PID    Runtime      # DAGs    # Errors  Last Runtime    Last Run
---------------------------------------  -----  ---------  --------  ----------  --------------  -------------------
/opt/airflow/dags/game_analytics_dag.py                           1           0  0.17s           2025-12-25T00:40:14
================================================================================
[2025-12-25T00:41:14.738+0000] {manager.py:888} INFO - 
================================================================================
DAG File Processing Stats

File Path                                PID    Runtime      # DAGs    # Errors  Last Runtime    Last Run
---------------------------------------  -----  ---------  --------  ----------  --------------  -------------------
/opt/airflow/dags/game_analytics_dag.py                           1           0  0.51s           2025-12-25T00:41:04
================================================================================
[2025-12-25T00:41:44.870+0000] {manager.py:888} INFO - 
================================================================================
DAG File Processing Stats

File Path                                PID    Runtime      # DAGs    # Errors  Last Runtime    Last Run
---------------------------------------  -----  ---------  --------  ----------  --------------  -------------------
/opt/airflow/dags/game_analytics_dag.py                           1           0  0.16s           2025-12-25T00:41:18
================================================================================
[2025-12-25T00:42:15.188+0000] {manager.py:888} INFO - 
================================================================================
DAG File Processing Stats

File Path                                PID    Runtime      # DAGs    # Errors  Last Runtime    Last Run
---------------------------------------  -----  ---------  --------  ----------  --------------  -------------------
/opt/airflow/dags/game_analytics_dag.py                           1           0  0.15s           2025-12-25T00:41:49
================================================================================
[2025-12-25T00:42:45.479+0000] {manager.py:888} INFO - 
================================================================================
DAG File Processing Stats

File Path                                PID    Runtime      # DAGs    # Errors  Last Runtime    Last Run
---------------------------------------  -----  ---------  --------  ----------  --------------  -------------------
/opt/airflow/dags/game_analytics_dag.py                           1           0  0.17s           2025-12-25T00:42:21
================================================================================
[2025-12-25T00:43:15.703+0000] {manager.py:888} INFO - 
================================================================================
DAG File Processing Stats

File Path                                PID    Runtime      # DAGs    # Errors  Last Runtime    Last Run
---------------------------------------  -----  ---------  --------  ----------  --------------  -------------------
/opt/airflow/dags/game_analytics_dag.py                           1           0  0.14s           2025-12-25T00:42:51
================================================================================
[2025-12-25T00:43:45.864+0000] {manager.py:888} INFO - 
================================================================================
DAG File Processing Stats

File Path                                PID    Runtime      # DAGs    # Errors  Last Runtime    Last Run
---------------------------------------  -----  ---------  --------  ----------  --------------  -------------------
/opt/airflow/dags/game_analytics_dag.py                           1           0  0.26s           2025-12-25T00:43:22
================================================================================
[2025-12-25T00:44:15.996+0000] {manager.py:888} INFO - 
================================================================================
DAG File Processing Stats

File Path                                PID    Runtime      # DAGs    # Errors  Last Runtime    Last Run
---------------------------------------  -----  ---------  --------  ----------  --------------  -------------------
/opt/airflow/dags/game_analytics_dag.py                           1           0  0.15s           2025-12-25T00:43:47
================================================================================
[2025-12-25T00:44:46.276+0000] {manager.py:888} INFO - 
================================================================================
DAG File Processing Stats

File Path                                PID    Runtime      # DAGs    # Errors  Last Runtime    Last Run
---------------------------------------  -----  ---------  --------  ----------  --------------  -------------------
/opt/airflow/dags/game_analytics_dag.py                           1           0  0.15s           2025-12-25T00:44:17
================================================================================
