[2025-12-25T00:35:01.589+0000] {taskinstance.py:1159} INFO - Dependencies all met for dep_context=non-requeueable deps ti=<TaskInstance: game_analytics_pipeline.monitor_mongodb_size scheduled__2025-12-25T00:34:00+00:00 [queued]>
[2025-12-25T00:35:01.598+0000] {taskinstance.py:1159} INFO - Dependencies all met for dep_context=requeueable deps ti=<TaskInstance: game_analytics_pipeline.monitor_mongodb_size scheduled__2025-12-25T00:34:00+00:00 [queued]>
[2025-12-25T00:35:01.599+0000] {taskinstance.py:1361} INFO - Starting attempt 1 of 3
[2025-12-25T00:35:01.626+0000] {taskinstance.py:1382} INFO - Executing <Task(PythonOperator): monitor_mongodb_size> on 2025-12-25 00:34:00+00:00
[2025-12-25T00:35:01.635+0000] {standard_task_runner.py:57} INFO - Started process 281 to run task
[2025-12-25T00:35:01.639+0000] {standard_task_runner.py:84} INFO - Running: ['airflow', 'tasks', 'run', 'game_analytics_pipeline', 'monitor_mongodb_size', 'scheduled__2025-12-25T00:34:00+00:00', '--job-id', '8', '--raw', '--subdir', 'DAGS_FOLDER/game_analytics_dag.py', '--cfg-path', '/tmp/tmpwwl0mvb3']
[2025-12-25T00:35:01.644+0000] {standard_task_runner.py:85} INFO - Job 8: Subtask monitor_mongodb_size
[2025-12-25T00:35:01.799+0000] {task_command.py:415} INFO - Running <TaskInstance: game_analytics_pipeline.monitor_mongodb_size scheduled__2025-12-25T00:34:00+00:00 [running]> on host e8498d52dcd6
[2025-12-25T00:35:01.976+0000] {taskinstance.py:1660} INFO - Exporting env vars: AIRFLOW_CTX_DAG_OWNER='game_analytics_team' AIRFLOW_CTX_DAG_ID='game_analytics_pipeline' AIRFLOW_CTX_TASK_ID='monitor_mongodb_size' AIRFLOW_CTX_EXECUTION_DATE='2025-12-25T00:34:00+00:00' AIRFLOW_CTX_TRY_NUMBER='1' AIRFLOW_CTX_DAG_RUN_ID='scheduled__2025-12-25T00:34:00+00:00'
[2025-12-25T00:35:01.998+0000] {base.py:73} INFO - Using connection ID 'mongo_default' for task execution.
[2025-12-25T00:35:02.013+0000] {taskinstance.py:1943} ERROR - Task failed with exception
Traceback (most recent call last):
  File "/home/airflow/.local/lib/python3.11/site-packages/airflow/operators/python.py", line 192, in execute
    return_value = self.execute_callable()
                   ^^^^^^^^^^^^^^^^^^^^^^^
  File "/home/airflow/.local/lib/python3.11/site-packages/airflow/operators/python.py", line 209, in execute_callable
    return self.python_callable(*self.op_args, **self.op_kwargs)
           ^^^^^^^^^^^^^^^^^^^^^^^^^^^^^^^^^^^^^^^^^^^^^^^^^^^^^
  File "/opt/airflow/dags/game_analytics_dag.py", line 57, in check_data_size_and_archive
    stats = db.command('dbStats')
            ^^^^^^^^^^^^^^^^^^^^^
  File "/home/airflow/.local/lib/python3.11/site-packages/pymongo/_csot.py", line 106, in csot_wrapper
    return func(self, *args, **kwargs)
           ^^^^^^^^^^^^^^^^^^^^^^^^^^^
  File "/home/airflow/.local/lib/python3.11/site-packages/pymongo/database.py", line 824, in command
    return self._command(
           ^^^^^^^^^^^^^^
  File "/home/airflow/.local/lib/python3.11/site-packages/pymongo/database.py", line 703, in _command
    return sock_info.command(
           ^^^^^^^^^^^^^^^^^^
  File "/home/airflow/.local/lib/python3.11/site-packages/pymongo/helpers.py", line 279, in inner
    return func(*args, **kwargs)
           ^^^^^^^^^^^^^^^^^^^^^
  File "/home/airflow/.local/lib/python3.11/site-packages/pymongo/pool.py", line 879, in command
    return command(
           ^^^^^^^^
  File "/home/airflow/.local/lib/python3.11/site-packages/pymongo/network.py", line 166, in command
    helpers._check_command_response(
  File "/home/airflow/.local/lib/python3.11/site-packages/pymongo/helpers.py", line 194, in _check_command_response
    raise OperationFailure(errmsg, code, response, max_wire_version)
pymongo.errors.OperationFailure: command dbStats requires authentication, full error: {'ok': 0.0, 'errmsg': 'command dbStats requires authentication', 'code': 13, 'codeName': 'Unauthorized'}
[2025-12-25T00:35:02.038+0000] {taskinstance.py:1400} INFO - Marking task as UP_FOR_RETRY. dag_id=game_analytics_pipeline, task_id=monitor_mongodb_size, execution_date=20251225T003400, start_date=20251225T003501, end_date=20251225T003502
[2025-12-25T00:35:02.061+0000] {standard_task_runner.py:104} ERROR - Failed to execute job 8 for task monitor_mongodb_size (command dbStats requires authentication, full error: {'ok': 0.0, 'errmsg': 'command dbStats requires authentication', 'code': 13, 'codeName': 'Unauthorized'}; 281)
[2025-12-25T00:35:02.100+0000] {local_task_job_runner.py:228} INFO - Task exited with return code 1
[2025-12-25T00:35:02.142+0000] {taskinstance.py:2784} INFO - 0 downstream tasks scheduled from follow-on schedule check
