[2025-12-25T00:05:27.139+0000] {processor.py:157} INFO - Started process (PID=163) to work on /opt/airflow/dags/game_analytics_dag.py
[2025-12-25T00:05:27.142+0000] {processor.py:829} INFO - Processing file /opt/airflow/dags/game_analytics_dag.py for tasks to queue
[2025-12-25T00:05:27.144+0000] {logging_mixin.py:151} INFO - [2025-12-25T00:05:27.143+0000] {dagbag.py:539} INFO - Filling up the DagBag from /opt/airflow/dags/game_analytics_dag.py
[2025-12-25T00:05:27.160+0000] {logging_mixin.py:151} INFO - [2025-12-25T00:05:27.156+0000] {dagbag.py:347} ERROR - Failed to import: /opt/airflow/dags/game_analytics_dag.py
Traceback (most recent call last):
  File "/home/airflow/.local/lib/python3.11/site-packages/airflow/models/dagbag.py", line 343, in parse
    loader.exec_module(new_module)
  File "<frozen importlib._bootstrap_external>", line 940, in exec_module
  File "<frozen importlib._bootstrap>", line 241, in _call_with_frames_removed
  File "/opt/airflow/dags/game_analytics_dag.py", line 15, in <module>
    from airflow.providers.mongo.hooks.mongo import MongoHook
ModuleNotFoundError: No module named 'airflow.providers.mongo'
[2025-12-25T00:05:27.161+0000] {processor.py:841} WARNING - No viable dags retrieved from /opt/airflow/dags/game_analytics_dag.py
[2025-12-25T00:05:27.206+0000] {processor.py:179} INFO - Processing /opt/airflow/dags/game_analytics_dag.py took 0.074 seconds
[2025-12-25T00:05:57.421+0000] {processor.py:157} INFO - Started process (PID=169) to work on /opt/airflow/dags/game_analytics_dag.py
[2025-12-25T00:05:57.422+0000] {processor.py:829} INFO - Processing file /opt/airflow/dags/game_analytics_dag.py for tasks to queue
[2025-12-25T00:05:57.423+0000] {logging_mixin.py:151} INFO - [2025-12-25T00:05:57.423+0000] {dagbag.py:539} INFO - Filling up the DagBag from /opt/airflow/dags/game_analytics_dag.py
[2025-12-25T00:05:57.442+0000] {logging_mixin.py:151} INFO - [2025-12-25T00:05:57.427+0000] {dagbag.py:347} ERROR - Failed to import: /opt/airflow/dags/game_analytics_dag.py
Traceback (most recent call last):
  File "/home/airflow/.local/lib/python3.11/site-packages/airflow/models/dagbag.py", line 343, in parse
    loader.exec_module(new_module)
  File "<frozen importlib._bootstrap_external>", line 940, in exec_module
  File "<frozen importlib._bootstrap>", line 241, in _call_with_frames_removed
  File "/opt/airflow/dags/game_analytics_dag.py", line 15, in <module>
    from airflow.providers.mongo.hooks.mongo import MongoHook
ModuleNotFoundError: No module named 'airflow.providers.mongo'
[2025-12-25T00:05:57.444+0000] {processor.py:841} WARNING - No viable dags retrieved from /opt/airflow/dags/game_analytics_dag.py
[2025-12-25T00:05:57.516+0000] {processor.py:179} INFO - Processing /opt/airflow/dags/game_analytics_dag.py took 0.098 seconds
[2025-12-25T00:07:03.217+0000] {processor.py:157} INFO - Started process (PID=165) to work on /opt/airflow/dags/game_analytics_dag.py
[2025-12-25T00:07:03.219+0000] {processor.py:829} INFO - Processing file /opt/airflow/dags/game_analytics_dag.py for tasks to queue
[2025-12-25T00:07:03.220+0000] {logging_mixin.py:151} INFO - [2025-12-25T00:07:03.220+0000] {dagbag.py:539} INFO - Filling up the DagBag from /opt/airflow/dags/game_analytics_dag.py
[2025-12-25T00:07:03.226+0000] {logging_mixin.py:151} INFO - [2025-12-25T00:07:03.224+0000] {dagbag.py:347} ERROR - Failed to import: /opt/airflow/dags/game_analytics_dag.py
Traceback (most recent call last):
  File "/home/airflow/.local/lib/python3.11/site-packages/airflow/models/dagbag.py", line 343, in parse
    loader.exec_module(new_module)
  File "<frozen importlib._bootstrap_external>", line 940, in exec_module
  File "<frozen importlib._bootstrap>", line 241, in _call_with_frames_removed
  File "/opt/airflow/dags/game_analytics_dag.py", line 15, in <module>
    from airflow.providers.mongo.hooks.mongo import MongoHook
ModuleNotFoundError: No module named 'airflow.providers.mongo'
[2025-12-25T00:07:03.227+0000] {processor.py:841} WARNING - No viable dags retrieved from /opt/airflow/dags/game_analytics_dag.py
[2025-12-25T00:07:03.273+0000] {processor.py:179} INFO - Processing /opt/airflow/dags/game_analytics_dag.py took 0.061 seconds
[2025-12-25T00:07:33.438+0000] {processor.py:157} INFO - Started process (PID=170) to work on /opt/airflow/dags/game_analytics_dag.py
[2025-12-25T00:07:33.438+0000] {processor.py:829} INFO - Processing file /opt/airflow/dags/game_analytics_dag.py for tasks to queue
[2025-12-25T00:07:33.439+0000] {logging_mixin.py:151} INFO - [2025-12-25T00:07:33.439+0000] {dagbag.py:539} INFO - Filling up the DagBag from /opt/airflow/dags/game_analytics_dag.py
[2025-12-25T00:07:33.444+0000] {logging_mixin.py:151} INFO - [2025-12-25T00:07:33.442+0000] {dagbag.py:347} ERROR - Failed to import: /opt/airflow/dags/game_analytics_dag.py
Traceback (most recent call last):
  File "/home/airflow/.local/lib/python3.11/site-packages/airflow/models/dagbag.py", line 343, in parse
    loader.exec_module(new_module)
  File "<frozen importlib._bootstrap_external>", line 940, in exec_module
  File "<frozen importlib._bootstrap>", line 241, in _call_with_frames_removed
  File "/opt/airflow/dags/game_analytics_dag.py", line 15, in <module>
    from airflow.providers.mongo.hooks.mongo import MongoHook
ModuleNotFoundError: No module named 'airflow.providers.mongo'
[2025-12-25T00:07:33.445+0000] {processor.py:841} WARNING - No viable dags retrieved from /opt/airflow/dags/game_analytics_dag.py
[2025-12-25T00:07:33.478+0000] {processor.py:179} INFO - Processing /opt/airflow/dags/game_analytics_dag.py took 0.044 seconds
[2025-12-25T00:08:03.571+0000] {processor.py:157} INFO - Started process (PID=175) to work on /opt/airflow/dags/game_analytics_dag.py
[2025-12-25T00:08:03.573+0000] {processor.py:829} INFO - Processing file /opt/airflow/dags/game_analytics_dag.py for tasks to queue
[2025-12-25T00:08:03.573+0000] {logging_mixin.py:151} INFO - [2025-12-25T00:08:03.573+0000] {dagbag.py:539} INFO - Filling up the DagBag from /opt/airflow/dags/game_analytics_dag.py
[2025-12-25T00:08:03.578+0000] {logging_mixin.py:151} INFO - [2025-12-25T00:08:03.577+0000] {dagbag.py:347} ERROR - Failed to import: /opt/airflow/dags/game_analytics_dag.py
Traceback (most recent call last):
  File "/home/airflow/.local/lib/python3.11/site-packages/airflow/models/dagbag.py", line 343, in parse
    loader.exec_module(new_module)
  File "<frozen importlib._bootstrap_external>", line 940, in exec_module
  File "<frozen importlib._bootstrap>", line 241, in _call_with_frames_removed
  File "/opt/airflow/dags/game_analytics_dag.py", line 15, in <module>
    from airflow.providers.mongo.hooks.mongo import MongoHook
ModuleNotFoundError: No module named 'airflow.providers.mongo'
[2025-12-25T00:08:03.579+0000] {processor.py:841} WARNING - No viable dags retrieved from /opt/airflow/dags/game_analytics_dag.py
[2025-12-25T00:08:03.612+0000] {processor.py:179} INFO - Processing /opt/airflow/dags/game_analytics_dag.py took 0.045 seconds
[2025-12-25T00:08:33.728+0000] {processor.py:157} INFO - Started process (PID=180) to work on /opt/airflow/dags/game_analytics_dag.py
[2025-12-25T00:08:33.729+0000] {processor.py:829} INFO - Processing file /opt/airflow/dags/game_analytics_dag.py for tasks to queue
[2025-12-25T00:08:33.730+0000] {logging_mixin.py:151} INFO - [2025-12-25T00:08:33.730+0000] {dagbag.py:539} INFO - Filling up the DagBag from /opt/airflow/dags/game_analytics_dag.py
[2025-12-25T00:08:33.736+0000] {logging_mixin.py:151} INFO - [2025-12-25T00:08:33.734+0000] {dagbag.py:347} ERROR - Failed to import: /opt/airflow/dags/game_analytics_dag.py
Traceback (most recent call last):
  File "/home/airflow/.local/lib/python3.11/site-packages/airflow/models/dagbag.py", line 343, in parse
    loader.exec_module(new_module)
  File "<frozen importlib._bootstrap_external>", line 940, in exec_module
  File "<frozen importlib._bootstrap>", line 241, in _call_with_frames_removed
  File "/opt/airflow/dags/game_analytics_dag.py", line 15, in <module>
    from airflow.providers.mongo.hooks.mongo import MongoHook
ModuleNotFoundError: No module named 'airflow.providers.mongo'
[2025-12-25T00:08:33.737+0000] {processor.py:841} WARNING - No viable dags retrieved from /opt/airflow/dags/game_analytics_dag.py
[2025-12-25T00:08:33.770+0000] {processor.py:179} INFO - Processing /opt/airflow/dags/game_analytics_dag.py took 0.046 seconds
[2025-12-25T00:09:03.875+0000] {processor.py:157} INFO - Started process (PID=185) to work on /opt/airflow/dags/game_analytics_dag.py
[2025-12-25T00:09:03.877+0000] {processor.py:829} INFO - Processing file /opt/airflow/dags/game_analytics_dag.py for tasks to queue
[2025-12-25T00:09:03.878+0000] {logging_mixin.py:151} INFO - [2025-12-25T00:09:03.878+0000] {dagbag.py:539} INFO - Filling up the DagBag from /opt/airflow/dags/game_analytics_dag.py
[2025-12-25T00:09:03.884+0000] {logging_mixin.py:151} INFO - [2025-12-25T00:09:03.883+0000] {dagbag.py:347} ERROR - Failed to import: /opt/airflow/dags/game_analytics_dag.py
Traceback (most recent call last):
  File "/home/airflow/.local/lib/python3.11/site-packages/airflow/models/dagbag.py", line 343, in parse
    loader.exec_module(new_module)
  File "<frozen importlib._bootstrap_external>", line 940, in exec_module
  File "<frozen importlib._bootstrap>", line 241, in _call_with_frames_removed
  File "/opt/airflow/dags/game_analytics_dag.py", line 15, in <module>
    from airflow.providers.mongo.hooks.mongo import MongoHook
ModuleNotFoundError: No module named 'airflow.providers.mongo'
[2025-12-25T00:09:03.885+0000] {processor.py:841} WARNING - No viable dags retrieved from /opt/airflow/dags/game_analytics_dag.py
[2025-12-25T00:09:03.928+0000] {processor.py:179} INFO - Processing /opt/airflow/dags/game_analytics_dag.py took 0.063 seconds
[2025-12-25T00:09:33.991+0000] {processor.py:157} INFO - Started process (PID=190) to work on /opt/airflow/dags/game_analytics_dag.py
[2025-12-25T00:09:33.992+0000] {processor.py:829} INFO - Processing file /opt/airflow/dags/game_analytics_dag.py for tasks to queue
[2025-12-25T00:09:33.993+0000] {logging_mixin.py:151} INFO - [2025-12-25T00:09:33.992+0000] {dagbag.py:539} INFO - Filling up the DagBag from /opt/airflow/dags/game_analytics_dag.py
[2025-12-25T00:09:33.997+0000] {logging_mixin.py:151} INFO - [2025-12-25T00:09:33.996+0000] {dagbag.py:347} ERROR - Failed to import: /opt/airflow/dags/game_analytics_dag.py
Traceback (most recent call last):
  File "/home/airflow/.local/lib/python3.11/site-packages/airflow/models/dagbag.py", line 343, in parse
    loader.exec_module(new_module)
  File "<frozen importlib._bootstrap_external>", line 940, in exec_module
  File "<frozen importlib._bootstrap>", line 241, in _call_with_frames_removed
  File "/opt/airflow/dags/game_analytics_dag.py", line 15, in <module>
    from airflow.providers.mongo.hooks.mongo import MongoHook
ModuleNotFoundError: No module named 'airflow.providers.mongo'
[2025-12-25T00:09:33.998+0000] {processor.py:841} WARNING - No viable dags retrieved from /opt/airflow/dags/game_analytics_dag.py
[2025-12-25T00:09:34.027+0000] {processor.py:179} INFO - Processing /opt/airflow/dags/game_analytics_dag.py took 0.039 seconds
[2025-12-25T00:10:04.169+0000] {processor.py:157} INFO - Started process (PID=195) to work on /opt/airflow/dags/game_analytics_dag.py
[2025-12-25T00:10:04.170+0000] {processor.py:829} INFO - Processing file /opt/airflow/dags/game_analytics_dag.py for tasks to queue
[2025-12-25T00:10:04.172+0000] {logging_mixin.py:151} INFO - [2025-12-25T00:10:04.171+0000] {dagbag.py:539} INFO - Filling up the DagBag from /opt/airflow/dags/game_analytics_dag.py
[2025-12-25T00:10:04.177+0000] {logging_mixin.py:151} INFO - [2025-12-25T00:10:04.176+0000] {dagbag.py:347} ERROR - Failed to import: /opt/airflow/dags/game_analytics_dag.py
Traceback (most recent call last):
  File "/home/airflow/.local/lib/python3.11/site-packages/airflow/models/dagbag.py", line 343, in parse
    loader.exec_module(new_module)
  File "<frozen importlib._bootstrap_external>", line 940, in exec_module
  File "<frozen importlib._bootstrap>", line 241, in _call_with_frames_removed
  File "/opt/airflow/dags/game_analytics_dag.py", line 15, in <module>
    from airflow.providers.mongo.hooks.mongo import MongoHook
ModuleNotFoundError: No module named 'airflow.providers.mongo'
[2025-12-25T00:10:04.178+0000] {processor.py:841} WARNING - No viable dags retrieved from /opt/airflow/dags/game_analytics_dag.py
[2025-12-25T00:10:04.216+0000] {processor.py:179} INFO - Processing /opt/airflow/dags/game_analytics_dag.py took 0.051 seconds
[2025-12-25T00:10:34.315+0000] {processor.py:157} INFO - Started process (PID=200) to work on /opt/airflow/dags/game_analytics_dag.py
[2025-12-25T00:10:34.316+0000] {processor.py:829} INFO - Processing file /opt/airflow/dags/game_analytics_dag.py for tasks to queue
[2025-12-25T00:10:34.317+0000] {logging_mixin.py:151} INFO - [2025-12-25T00:10:34.316+0000] {dagbag.py:539} INFO - Filling up the DagBag from /opt/airflow/dags/game_analytics_dag.py
[2025-12-25T00:10:34.321+0000] {logging_mixin.py:151} INFO - [2025-12-25T00:10:34.320+0000] {dagbag.py:347} ERROR - Failed to import: /opt/airflow/dags/game_analytics_dag.py
Traceback (most recent call last):
  File "/home/airflow/.local/lib/python3.11/site-packages/airflow/models/dagbag.py", line 343, in parse
    loader.exec_module(new_module)
  File "<frozen importlib._bootstrap_external>", line 940, in exec_module
  File "<frozen importlib._bootstrap>", line 241, in _call_with_frames_removed
  File "/opt/airflow/dags/game_analytics_dag.py", line 15, in <module>
    from airflow.providers.mongo.hooks.mongo import MongoHook
ModuleNotFoundError: No module named 'airflow.providers.mongo'
[2025-12-25T00:10:34.322+0000] {processor.py:841} WARNING - No viable dags retrieved from /opt/airflow/dags/game_analytics_dag.py
[2025-12-25T00:10:34.361+0000] {processor.py:179} INFO - Processing /opt/airflow/dags/game_analytics_dag.py took 0.050 seconds
[2025-12-25T00:11:04.462+0000] {processor.py:157} INFO - Started process (PID=205) to work on /opt/airflow/dags/game_analytics_dag.py
[2025-12-25T00:11:04.464+0000] {processor.py:829} INFO - Processing file /opt/airflow/dags/game_analytics_dag.py for tasks to queue
[2025-12-25T00:11:04.465+0000] {logging_mixin.py:151} INFO - [2025-12-25T00:11:04.464+0000] {dagbag.py:539} INFO - Filling up the DagBag from /opt/airflow/dags/game_analytics_dag.py
[2025-12-25T00:11:04.470+0000] {logging_mixin.py:151} INFO - [2025-12-25T00:11:04.468+0000] {dagbag.py:347} ERROR - Failed to import: /opt/airflow/dags/game_analytics_dag.py
Traceback (most recent call last):
  File "/home/airflow/.local/lib/python3.11/site-packages/airflow/models/dagbag.py", line 343, in parse
    loader.exec_module(new_module)
  File "<frozen importlib._bootstrap_external>", line 940, in exec_module
  File "<frozen importlib._bootstrap>", line 241, in _call_with_frames_removed
  File "/opt/airflow/dags/game_analytics_dag.py", line 15, in <module>
    from airflow.providers.mongo.hooks.mongo import MongoHook
ModuleNotFoundError: No module named 'airflow.providers.mongo'
[2025-12-25T00:11:04.471+0000] {processor.py:841} WARNING - No viable dags retrieved from /opt/airflow/dags/game_analytics_dag.py
[2025-12-25T00:11:04.508+0000] {processor.py:179} INFO - Processing /opt/airflow/dags/game_analytics_dag.py took 0.049 seconds
[2025-12-25T00:11:34.597+0000] {processor.py:157} INFO - Started process (PID=210) to work on /opt/airflow/dags/game_analytics_dag.py
[2025-12-25T00:11:34.598+0000] {processor.py:829} INFO - Processing file /opt/airflow/dags/game_analytics_dag.py for tasks to queue
[2025-12-25T00:11:34.598+0000] {logging_mixin.py:151} INFO - [2025-12-25T00:11:34.598+0000] {dagbag.py:539} INFO - Filling up the DagBag from /opt/airflow/dags/game_analytics_dag.py
[2025-12-25T00:11:34.604+0000] {logging_mixin.py:151} INFO - [2025-12-25T00:11:34.602+0000] {dagbag.py:347} ERROR - Failed to import: /opt/airflow/dags/game_analytics_dag.py
Traceback (most recent call last):
  File "/home/airflow/.local/lib/python3.11/site-packages/airflow/models/dagbag.py", line 343, in parse
    loader.exec_module(new_module)
  File "<frozen importlib._bootstrap_external>", line 940, in exec_module
  File "<frozen importlib._bootstrap>", line 241, in _call_with_frames_removed
  File "/opt/airflow/dags/game_analytics_dag.py", line 15, in <module>
    from airflow.providers.mongo.hooks.mongo import MongoHook
ModuleNotFoundError: No module named 'airflow.providers.mongo'
[2025-12-25T00:11:34.604+0000] {processor.py:841} WARNING - No viable dags retrieved from /opt/airflow/dags/game_analytics_dag.py
[2025-12-25T00:11:34.639+0000] {processor.py:179} INFO - Processing /opt/airflow/dags/game_analytics_dag.py took 0.046 seconds
[2025-12-25T00:12:04.765+0000] {processor.py:157} INFO - Started process (PID=215) to work on /opt/airflow/dags/game_analytics_dag.py
[2025-12-25T00:12:04.766+0000] {processor.py:829} INFO - Processing file /opt/airflow/dags/game_analytics_dag.py for tasks to queue
[2025-12-25T00:12:04.766+0000] {logging_mixin.py:151} INFO - [2025-12-25T00:12:04.766+0000] {dagbag.py:539} INFO - Filling up the DagBag from /opt/airflow/dags/game_analytics_dag.py
[2025-12-25T00:12:04.772+0000] {logging_mixin.py:151} INFO - [2025-12-25T00:12:04.770+0000] {dagbag.py:347} ERROR - Failed to import: /opt/airflow/dags/game_analytics_dag.py
Traceback (most recent call last):
  File "/home/airflow/.local/lib/python3.11/site-packages/airflow/models/dagbag.py", line 343, in parse
    loader.exec_module(new_module)
  File "<frozen importlib._bootstrap_external>", line 940, in exec_module
  File "<frozen importlib._bootstrap>", line 241, in _call_with_frames_removed
  File "/opt/airflow/dags/game_analytics_dag.py", line 15, in <module>
    from airflow.providers.mongo.hooks.mongo import MongoHook
ModuleNotFoundError: No module named 'airflow.providers.mongo'
[2025-12-25T00:12:04.772+0000] {processor.py:841} WARNING - No viable dags retrieved from /opt/airflow/dags/game_analytics_dag.py
[2025-12-25T00:12:04.805+0000] {processor.py:179} INFO - Processing /opt/airflow/dags/game_analytics_dag.py took 0.043 seconds
[2025-12-25T00:12:34.916+0000] {processor.py:157} INFO - Started process (PID=220) to work on /opt/airflow/dags/game_analytics_dag.py
[2025-12-25T00:12:34.922+0000] {processor.py:829} INFO - Processing file /opt/airflow/dags/game_analytics_dag.py for tasks to queue
[2025-12-25T00:12:34.923+0000] {logging_mixin.py:151} INFO - [2025-12-25T00:12:34.922+0000] {dagbag.py:539} INFO - Filling up the DagBag from /opt/airflow/dags/game_analytics_dag.py
[2025-12-25T00:12:34.930+0000] {logging_mixin.py:151} INFO - [2025-12-25T00:12:34.928+0000] {dagbag.py:347} ERROR - Failed to import: /opt/airflow/dags/game_analytics_dag.py
Traceback (most recent call last):
  File "/home/airflow/.local/lib/python3.11/site-packages/airflow/models/dagbag.py", line 343, in parse
    loader.exec_module(new_module)
  File "<frozen importlib._bootstrap_external>", line 940, in exec_module
  File "<frozen importlib._bootstrap>", line 241, in _call_with_frames_removed
  File "/opt/airflow/dags/game_analytics_dag.py", line 15, in <module>
    from airflow.providers.mongo.hooks.mongo import MongoHook
ModuleNotFoundError: No module named 'airflow.providers.mongo'
[2025-12-25T00:12:34.931+0000] {processor.py:841} WARNING - No viable dags retrieved from /opt/airflow/dags/game_analytics_dag.py
[2025-12-25T00:12:35.008+0000] {processor.py:179} INFO - Processing /opt/airflow/dags/game_analytics_dag.py took 0.098 seconds
[2025-12-25T00:25:34.573+0000] {processor.py:157} INFO - Started process (PID=165) to work on /opt/airflow/dags/game_analytics_dag.py
[2025-12-25T00:25:34.576+0000] {processor.py:829} INFO - Processing file /opt/airflow/dags/game_analytics_dag.py for tasks to queue
[2025-12-25T00:25:34.587+0000] {logging_mixin.py:151} INFO - [2025-12-25T00:25:34.586+0000] {dagbag.py:539} INFO - Filling up the DagBag from /opt/airflow/dags/game_analytics_dag.py
[2025-12-25T00:25:34.670+0000] {processor.py:839} INFO - DAG(s) dict_keys(['game_analytics_pipeline']) retrieved from /opt/airflow/dags/game_analytics_dag.py
[2025-12-25T00:25:34.726+0000] {logging_mixin.py:151} INFO - [2025-12-25T00:25:34.726+0000] {dag.py:2907} INFO - Sync 1 DAGs
[2025-12-25T00:25:34.778+0000] {logging_mixin.py:151} INFO - [2025-12-25T00:25:34.778+0000] {dag.py:3677} INFO - Setting next_dagrun for game_analytics_pipeline to 2025-12-25T00:24:00+00:00, run_after=2025-12-25T00:25:00+00:00
[2025-12-25T00:25:34.836+0000] {processor.py:179} INFO - Processing /opt/airflow/dags/game_analytics_dag.py took 0.266 seconds
[2025-12-25T00:26:05.013+0000] {processor.py:157} INFO - Started process (PID=170) to work on /opt/airflow/dags/game_analytics_dag.py
[2025-12-25T00:26:05.015+0000] {processor.py:829} INFO - Processing file /opt/airflow/dags/game_analytics_dag.py for tasks to queue
[2025-12-25T00:26:05.018+0000] {logging_mixin.py:151} INFO - [2025-12-25T00:26:05.018+0000] {dagbag.py:539} INFO - Filling up the DagBag from /opt/airflow/dags/game_analytics_dag.py
[2025-12-25T00:26:05.040+0000] {processor.py:839} INFO - DAG(s) dict_keys(['game_analytics_pipeline']) retrieved from /opt/airflow/dags/game_analytics_dag.py
[2025-12-25T00:26:05.125+0000] {logging_mixin.py:151} INFO - [2025-12-25T00:26:05.125+0000] {dag.py:2907} INFO - Sync 1 DAGs
[2025-12-25T00:26:05.169+0000] {logging_mixin.py:151} INFO - [2025-12-25T00:26:05.168+0000] {dag.py:3677} INFO - Setting next_dagrun for game_analytics_pipeline to 2025-12-25T00:25:00+00:00, run_after=2025-12-25T00:26:00+00:00
[2025-12-25T00:26:05.222+0000] {processor.py:179} INFO - Processing /opt/airflow/dags/game_analytics_dag.py took 0.213 seconds
[2025-12-25T00:26:35.369+0000] {processor.py:157} INFO - Started process (PID=175) to work on /opt/airflow/dags/game_analytics_dag.py
[2025-12-25T00:26:35.371+0000] {processor.py:829} INFO - Processing file /opt/airflow/dags/game_analytics_dag.py for tasks to queue
[2025-12-25T00:26:35.374+0000] {logging_mixin.py:151} INFO - [2025-12-25T00:26:35.373+0000] {dagbag.py:539} INFO - Filling up the DagBag from /opt/airflow/dags/game_analytics_dag.py
[2025-12-25T00:26:35.391+0000] {processor.py:839} INFO - DAG(s) dict_keys(['game_analytics_pipeline']) retrieved from /opt/airflow/dags/game_analytics_dag.py
[2025-12-25T00:26:35.432+0000] {logging_mixin.py:151} INFO - [2025-12-25T00:26:35.432+0000] {dag.py:2907} INFO - Sync 1 DAGs
[2025-12-25T00:26:35.471+0000] {logging_mixin.py:151} INFO - [2025-12-25T00:26:35.471+0000] {dag.py:3677} INFO - Setting next_dagrun for game_analytics_pipeline to 2025-12-25T00:25:00+00:00, run_after=2025-12-25T00:26:00+00:00
[2025-12-25T00:26:35.497+0000] {processor.py:179} INFO - Processing /opt/airflow/dags/game_analytics_dag.py took 0.133 seconds
[2025-12-25T00:27:05.630+0000] {processor.py:157} INFO - Started process (PID=180) to work on /opt/airflow/dags/game_analytics_dag.py
[2025-12-25T00:27:05.631+0000] {processor.py:829} INFO - Processing file /opt/airflow/dags/game_analytics_dag.py for tasks to queue
[2025-12-25T00:27:05.634+0000] {logging_mixin.py:151} INFO - [2025-12-25T00:27:05.633+0000] {dagbag.py:539} INFO - Filling up the DagBag from /opt/airflow/dags/game_analytics_dag.py
[2025-12-25T00:27:05.652+0000] {processor.py:839} INFO - DAG(s) dict_keys(['game_analytics_pipeline']) retrieved from /opt/airflow/dags/game_analytics_dag.py
[2025-12-25T00:27:05.694+0000] {logging_mixin.py:151} INFO - [2025-12-25T00:27:05.693+0000] {dag.py:2907} INFO - Sync 1 DAGs
[2025-12-25T00:27:05.732+0000] {logging_mixin.py:151} INFO - [2025-12-25T00:27:05.732+0000] {dag.py:3677} INFO - Setting next_dagrun for game_analytics_pipeline to 2025-12-25T00:26:00+00:00, run_after=2025-12-25T00:27:00+00:00
[2025-12-25T00:27:05.760+0000] {processor.py:179} INFO - Processing /opt/airflow/dags/game_analytics_dag.py took 0.135 seconds
[2025-12-25T00:27:35.908+0000] {processor.py:157} INFO - Started process (PID=185) to work on /opt/airflow/dags/game_analytics_dag.py
[2025-12-25T00:27:35.910+0000] {processor.py:829} INFO - Processing file /opt/airflow/dags/game_analytics_dag.py for tasks to queue
[2025-12-25T00:27:35.915+0000] {logging_mixin.py:151} INFO - [2025-12-25T00:27:35.914+0000] {dagbag.py:539} INFO - Filling up the DagBag from /opt/airflow/dags/game_analytics_dag.py
[2025-12-25T00:27:35.943+0000] {processor.py:839} INFO - DAG(s) dict_keys(['game_analytics_pipeline']) retrieved from /opt/airflow/dags/game_analytics_dag.py
[2025-12-25T00:27:36.024+0000] {logging_mixin.py:151} INFO - [2025-12-25T00:27:36.023+0000] {dag.py:2907} INFO - Sync 1 DAGs
[2025-12-25T00:27:36.075+0000] {logging_mixin.py:151} INFO - [2025-12-25T00:27:36.074+0000] {dag.py:3677} INFO - Setting next_dagrun for game_analytics_pipeline to 2025-12-25T00:26:00+00:00, run_after=2025-12-25T00:27:00+00:00
[2025-12-25T00:27:36.136+0000] {processor.py:179} INFO - Processing /opt/airflow/dags/game_analytics_dag.py took 0.234 seconds
[2025-12-25T00:28:06.306+0000] {processor.py:157} INFO - Started process (PID=190) to work on /opt/airflow/dags/game_analytics_dag.py
[2025-12-25T00:28:06.307+0000] {processor.py:829} INFO - Processing file /opt/airflow/dags/game_analytics_dag.py for tasks to queue
[2025-12-25T00:28:06.311+0000] {logging_mixin.py:151} INFO - [2025-12-25T00:28:06.310+0000] {dagbag.py:539} INFO - Filling up the DagBag from /opt/airflow/dags/game_analytics_dag.py
[2025-12-25T00:28:06.336+0000] {processor.py:839} INFO - DAG(s) dict_keys(['game_analytics_pipeline']) retrieved from /opt/airflow/dags/game_analytics_dag.py
[2025-12-25T00:28:06.386+0000] {logging_mixin.py:151} INFO - [2025-12-25T00:28:06.385+0000] {dag.py:2907} INFO - Sync 1 DAGs
[2025-12-25T00:28:06.427+0000] {logging_mixin.py:151} INFO - [2025-12-25T00:28:06.427+0000] {dag.py:3677} INFO - Setting next_dagrun for game_analytics_pipeline to 2025-12-25T00:27:00+00:00, run_after=2025-12-25T00:28:00+00:00
[2025-12-25T00:28:06.460+0000] {processor.py:179} INFO - Processing /opt/airflow/dags/game_analytics_dag.py took 0.158 seconds
[2025-12-25T00:28:36.612+0000] {processor.py:157} INFO - Started process (PID=195) to work on /opt/airflow/dags/game_analytics_dag.py
[2025-12-25T00:28:36.614+0000] {processor.py:829} INFO - Processing file /opt/airflow/dags/game_analytics_dag.py for tasks to queue
[2025-12-25T00:28:36.617+0000] {logging_mixin.py:151} INFO - [2025-12-25T00:28:36.617+0000] {dagbag.py:539} INFO - Filling up the DagBag from /opt/airflow/dags/game_analytics_dag.py
[2025-12-25T00:28:36.639+0000] {processor.py:839} INFO - DAG(s) dict_keys(['game_analytics_pipeline']) retrieved from /opt/airflow/dags/game_analytics_dag.py
[2025-12-25T00:28:36.685+0000] {logging_mixin.py:151} INFO - [2025-12-25T00:28:36.684+0000] {dag.py:2907} INFO - Sync 1 DAGs
[2025-12-25T00:28:36.898+0000] {logging_mixin.py:151} INFO - [2025-12-25T00:28:36.898+0000] {dag.py:3677} INFO - Setting next_dagrun for game_analytics_pipeline to 2025-12-25T00:27:00+00:00, run_after=2025-12-25T00:28:00+00:00
[2025-12-25T00:28:36.917+0000] {processor.py:179} INFO - Processing /opt/airflow/dags/game_analytics_dag.py took 0.311 seconds
[2025-12-25T00:29:07.062+0000] {processor.py:157} INFO - Started process (PID=200) to work on /opt/airflow/dags/game_analytics_dag.py
[2025-12-25T00:29:07.064+0000] {processor.py:829} INFO - Processing file /opt/airflow/dags/game_analytics_dag.py for tasks to queue
[2025-12-25T00:29:07.068+0000] {logging_mixin.py:151} INFO - [2025-12-25T00:29:07.067+0000] {dagbag.py:539} INFO - Filling up the DagBag from /opt/airflow/dags/game_analytics_dag.py
[2025-12-25T00:29:07.091+0000] {processor.py:839} INFO - DAG(s) dict_keys(['game_analytics_pipeline']) retrieved from /opt/airflow/dags/game_analytics_dag.py
[2025-12-25T00:29:07.140+0000] {logging_mixin.py:151} INFO - [2025-12-25T00:29:07.140+0000] {dag.py:2907} INFO - Sync 1 DAGs
[2025-12-25T00:29:07.190+0000] {logging_mixin.py:151} INFO - [2025-12-25T00:29:07.190+0000] {dag.py:3677} INFO - Setting next_dagrun for game_analytics_pipeline to 2025-12-25T00:28:00+00:00, run_after=2025-12-25T00:29:00+00:00
[2025-12-25T00:29:07.219+0000] {processor.py:179} INFO - Processing /opt/airflow/dags/game_analytics_dag.py took 0.161 seconds
[2025-12-25T00:29:37.353+0000] {processor.py:157} INFO - Started process (PID=205) to work on /opt/airflow/dags/game_analytics_dag.py
[2025-12-25T00:29:37.356+0000] {processor.py:829} INFO - Processing file /opt/airflow/dags/game_analytics_dag.py for tasks to queue
[2025-12-25T00:29:37.358+0000] {logging_mixin.py:151} INFO - [2025-12-25T00:29:37.358+0000] {dagbag.py:539} INFO - Filling up the DagBag from /opt/airflow/dags/game_analytics_dag.py
[2025-12-25T00:29:37.375+0000] {processor.py:839} INFO - DAG(s) dict_keys(['game_analytics_pipeline']) retrieved from /opt/airflow/dags/game_analytics_dag.py
[2025-12-25T00:29:37.413+0000] {logging_mixin.py:151} INFO - [2025-12-25T00:29:37.413+0000] {dag.py:2907} INFO - Sync 1 DAGs
[2025-12-25T00:29:37.603+0000] {logging_mixin.py:151} INFO - [2025-12-25T00:29:37.602+0000] {dag.py:3677} INFO - Setting next_dagrun for game_analytics_pipeline to 2025-12-25T00:28:00+00:00, run_after=2025-12-25T00:29:00+00:00
[2025-12-25T00:29:37.622+0000] {processor.py:179} INFO - Processing /opt/airflow/dags/game_analytics_dag.py took 0.273 seconds
[2025-12-25T00:30:07.799+0000] {processor.py:157} INFO - Started process (PID=210) to work on /opt/airflow/dags/game_analytics_dag.py
[2025-12-25T00:30:07.800+0000] {processor.py:829} INFO - Processing file /opt/airflow/dags/game_analytics_dag.py for tasks to queue
[2025-12-25T00:30:07.807+0000] {logging_mixin.py:151} INFO - [2025-12-25T00:30:07.807+0000] {dagbag.py:539} INFO - Filling up the DagBag from /opt/airflow/dags/game_analytics_dag.py
[2025-12-25T00:30:07.829+0000] {processor.py:839} INFO - DAG(s) dict_keys(['game_analytics_pipeline']) retrieved from /opt/airflow/dags/game_analytics_dag.py
[2025-12-25T00:30:08.054+0000] {logging_mixin.py:151} INFO - [2025-12-25T00:30:08.054+0000] {dag.py:2907} INFO - Sync 1 DAGs
[2025-12-25T00:30:08.086+0000] {logging_mixin.py:151} INFO - [2025-12-25T00:30:08.086+0000] {dag.py:3677} INFO - Setting next_dagrun for game_analytics_pipeline to 2025-12-25T00:29:00+00:00, run_after=2025-12-25T00:30:00+00:00
[2025-12-25T00:30:08.112+0000] {processor.py:179} INFO - Processing /opt/airflow/dags/game_analytics_dag.py took 0.320 seconds
[2025-12-25T00:30:38.266+0000] {processor.py:157} INFO - Started process (PID=215) to work on /opt/airflow/dags/game_analytics_dag.py
[2025-12-25T00:30:38.269+0000] {processor.py:829} INFO - Processing file /opt/airflow/dags/game_analytics_dag.py for tasks to queue
[2025-12-25T00:30:38.273+0000] {logging_mixin.py:151} INFO - [2025-12-25T00:30:38.272+0000] {dagbag.py:539} INFO - Filling up the DagBag from /opt/airflow/dags/game_analytics_dag.py
[2025-12-25T00:30:38.292+0000] {processor.py:839} INFO - DAG(s) dict_keys(['game_analytics_pipeline']) retrieved from /opt/airflow/dags/game_analytics_dag.py
[2025-12-25T00:30:38.337+0000] {logging_mixin.py:151} INFO - [2025-12-25T00:30:38.337+0000] {dag.py:2907} INFO - Sync 1 DAGs
[2025-12-25T00:30:38.380+0000] {logging_mixin.py:151} INFO - [2025-12-25T00:30:38.380+0000] {dag.py:3677} INFO - Setting next_dagrun for game_analytics_pipeline to 2025-12-25T00:29:00+00:00, run_after=2025-12-25T00:30:00+00:00
[2025-12-25T00:30:38.405+0000] {processor.py:179} INFO - Processing /opt/airflow/dags/game_analytics_dag.py took 0.144 seconds
[2025-12-25T00:31:08.541+0000] {processor.py:157} INFO - Started process (PID=220) to work on /opt/airflow/dags/game_analytics_dag.py
[2025-12-25T00:31:08.542+0000] {processor.py:829} INFO - Processing file /opt/airflow/dags/game_analytics_dag.py for tasks to queue
[2025-12-25T00:31:08.545+0000] {logging_mixin.py:151} INFO - [2025-12-25T00:31:08.544+0000] {dagbag.py:539} INFO - Filling up the DagBag from /opt/airflow/dags/game_analytics_dag.py
[2025-12-25T00:31:08.561+0000] {processor.py:839} INFO - DAG(s) dict_keys(['game_analytics_pipeline']) retrieved from /opt/airflow/dags/game_analytics_dag.py
[2025-12-25T00:31:08.608+0000] {logging_mixin.py:151} INFO - [2025-12-25T00:31:08.608+0000] {dag.py:2907} INFO - Sync 1 DAGs
[2025-12-25T00:31:08.825+0000] {logging_mixin.py:151} INFO - [2025-12-25T00:31:08.825+0000] {dag.py:3677} INFO - Setting next_dagrun for game_analytics_pipeline to 2025-12-25T00:30:00+00:00, run_after=2025-12-25T00:31:00+00:00
[2025-12-25T00:31:08.845+0000] {processor.py:179} INFO - Processing /opt/airflow/dags/game_analytics_dag.py took 0.308 seconds
[2025-12-25T00:31:39.141+0000] {processor.py:157} INFO - Started process (PID=225) to work on /opt/airflow/dags/game_analytics_dag.py
[2025-12-25T00:31:39.143+0000] {processor.py:829} INFO - Processing file /opt/airflow/dags/game_analytics_dag.py for tasks to queue
[2025-12-25T00:31:39.146+0000] {logging_mixin.py:151} INFO - [2025-12-25T00:31:39.146+0000] {dagbag.py:539} INFO - Filling up the DagBag from /opt/airflow/dags/game_analytics_dag.py
[2025-12-25T00:31:39.166+0000] {processor.py:839} INFO - DAG(s) dict_keys(['game_analytics_pipeline']) retrieved from /opt/airflow/dags/game_analytics_dag.py
[2025-12-25T00:31:39.206+0000] {logging_mixin.py:151} INFO - [2025-12-25T00:31:39.206+0000] {dag.py:2907} INFO - Sync 1 DAGs
[2025-12-25T00:31:39.236+0000] {logging_mixin.py:151} INFO - [2025-12-25T00:31:39.236+0000] {dag.py:3677} INFO - Setting next_dagrun for game_analytics_pipeline to 2025-12-25T00:30:00+00:00, run_after=2025-12-25T00:31:00+00:00
[2025-12-25T00:31:39.255+0000] {processor.py:179} INFO - Processing /opt/airflow/dags/game_analytics_dag.py took 0.119 seconds
[2025-12-25T00:32:09.307+0000] {processor.py:157} INFO - Started process (PID=238) to work on /opt/airflow/dags/game_analytics_dag.py
[2025-12-25T00:32:09.308+0000] {processor.py:829} INFO - Processing file /opt/airflow/dags/game_analytics_dag.py for tasks to queue
[2025-12-25T00:32:09.312+0000] {logging_mixin.py:151} INFO - [2025-12-25T00:32:09.311+0000] {dagbag.py:539} INFO - Filling up the DagBag from /opt/airflow/dags/game_analytics_dag.py
[2025-12-25T00:32:09.331+0000] {processor.py:839} INFO - DAG(s) dict_keys(['game_analytics_pipeline']) retrieved from /opt/airflow/dags/game_analytics_dag.py
[2025-12-25T00:32:09.379+0000] {logging_mixin.py:151} INFO - [2025-12-25T00:32:09.379+0000] {dag.py:2907} INFO - Sync 1 DAGs
[2025-12-25T00:32:09.421+0000] {logging_mixin.py:151} INFO - [2025-12-25T00:32:09.421+0000] {dag.py:3677} INFO - Setting next_dagrun for game_analytics_pipeline to 2025-12-25T00:32:00+00:00, run_after=2025-12-25T00:33:00+00:00
[2025-12-25T00:32:09.448+0000] {processor.py:179} INFO - Processing /opt/airflow/dags/game_analytics_dag.py took 0.146 seconds
[2025-12-25T00:32:39.547+0000] {processor.py:157} INFO - Started process (PID=243) to work on /opt/airflow/dags/game_analytics_dag.py
[2025-12-25T00:32:39.549+0000] {processor.py:829} INFO - Processing file /opt/airflow/dags/game_analytics_dag.py for tasks to queue
[2025-12-25T00:32:39.553+0000] {logging_mixin.py:151} INFO - [2025-12-25T00:32:39.553+0000] {dagbag.py:539} INFO - Filling up the DagBag from /opt/airflow/dags/game_analytics_dag.py
[2025-12-25T00:32:39.573+0000] {processor.py:839} INFO - DAG(s) dict_keys(['game_analytics_pipeline']) retrieved from /opt/airflow/dags/game_analytics_dag.py
[2025-12-25T00:32:39.613+0000] {logging_mixin.py:151} INFO - [2025-12-25T00:32:39.613+0000] {dag.py:2907} INFO - Sync 1 DAGs
[2025-12-25T00:32:39.650+0000] {logging_mixin.py:151} INFO - [2025-12-25T00:32:39.650+0000] {dag.py:3677} INFO - Setting next_dagrun for game_analytics_pipeline to 2025-12-25T00:32:00+00:00, run_after=2025-12-25T00:33:00+00:00
[2025-12-25T00:32:39.673+0000] {processor.py:179} INFO - Processing /opt/airflow/dags/game_analytics_dag.py took 0.131 seconds
[2025-12-25T00:33:09.819+0000] {processor.py:157} INFO - Started process (PID=256) to work on /opt/airflow/dags/game_analytics_dag.py
[2025-12-25T00:33:09.820+0000] {processor.py:829} INFO - Processing file /opt/airflow/dags/game_analytics_dag.py for tasks to queue
[2025-12-25T00:33:09.823+0000] {logging_mixin.py:151} INFO - [2025-12-25T00:33:09.823+0000] {dagbag.py:539} INFO - Filling up the DagBag from /opt/airflow/dags/game_analytics_dag.py
[2025-12-25T00:33:09.841+0000] {processor.py:839} INFO - DAG(s) dict_keys(['game_analytics_pipeline']) retrieved from /opt/airflow/dags/game_analytics_dag.py
[2025-12-25T00:33:09.884+0000] {logging_mixin.py:151} INFO - [2025-12-25T00:33:09.884+0000] {dag.py:2907} INFO - Sync 1 DAGs
[2025-12-25T00:33:09.919+0000] {logging_mixin.py:151} INFO - [2025-12-25T00:33:09.919+0000] {dag.py:3677} INFO - Setting next_dagrun for game_analytics_pipeline to 2025-12-25T00:33:00+00:00, run_after=2025-12-25T00:34:00+00:00
[2025-12-25T00:33:09.944+0000] {processor.py:179} INFO - Processing /opt/airflow/dags/game_analytics_dag.py took 0.130 seconds
[2025-12-25T00:33:40.083+0000] {processor.py:157} INFO - Started process (PID=261) to work on /opt/airflow/dags/game_analytics_dag.py
[2025-12-25T00:33:40.084+0000] {processor.py:829} INFO - Processing file /opt/airflow/dags/game_analytics_dag.py for tasks to queue
[2025-12-25T00:33:40.087+0000] {logging_mixin.py:151} INFO - [2025-12-25T00:33:40.087+0000] {dagbag.py:539} INFO - Filling up the DagBag from /opt/airflow/dags/game_analytics_dag.py
[2025-12-25T00:33:40.106+0000] {processor.py:839} INFO - DAG(s) dict_keys(['game_analytics_pipeline']) retrieved from /opt/airflow/dags/game_analytics_dag.py
[2025-12-25T00:33:40.151+0000] {logging_mixin.py:151} INFO - [2025-12-25T00:33:40.151+0000] {dag.py:2907} INFO - Sync 1 DAGs
[2025-12-25T00:33:40.187+0000] {logging_mixin.py:151} INFO - [2025-12-25T00:33:40.186+0000] {dag.py:3677} INFO - Setting next_dagrun for game_analytics_pipeline to 2025-12-25T00:33:00+00:00, run_after=2025-12-25T00:34:00+00:00
[2025-12-25T00:33:40.219+0000] {processor.py:179} INFO - Processing /opt/airflow/dags/game_analytics_dag.py took 0.142 seconds
[2025-12-25T00:34:10.399+0000] {processor.py:157} INFO - Started process (PID=270) to work on /opt/airflow/dags/game_analytics_dag.py
[2025-12-25T00:34:10.400+0000] {processor.py:829} INFO - Processing file /opt/airflow/dags/game_analytics_dag.py for tasks to queue
[2025-12-25T00:34:10.403+0000] {logging_mixin.py:151} INFO - [2025-12-25T00:34:10.403+0000] {dagbag.py:539} INFO - Filling up the DagBag from /opt/airflow/dags/game_analytics_dag.py
[2025-12-25T00:34:10.430+0000] {processor.py:839} INFO - DAG(s) dict_keys(['game_analytics_pipeline']) retrieved from /opt/airflow/dags/game_analytics_dag.py
[2025-12-25T00:34:10.478+0000] {logging_mixin.py:151} INFO - [2025-12-25T00:34:10.477+0000] {dag.py:2907} INFO - Sync 1 DAGs
[2025-12-25T00:34:10.516+0000] {logging_mixin.py:151} INFO - [2025-12-25T00:34:10.516+0000] {dag.py:3677} INFO - Setting next_dagrun for game_analytics_pipeline to 2025-12-25T00:34:00+00:00, run_after=2025-12-25T00:35:00+00:00
[2025-12-25T00:34:10.537+0000] {processor.py:179} INFO - Processing /opt/airflow/dags/game_analytics_dag.py took 0.143 seconds
[2025-12-25T00:34:40.668+0000] {processor.py:157} INFO - Started process (PID=275) to work on /opt/airflow/dags/game_analytics_dag.py
[2025-12-25T00:34:40.670+0000] {processor.py:829} INFO - Processing file /opt/airflow/dags/game_analytics_dag.py for tasks to queue
[2025-12-25T00:34:40.672+0000] {logging_mixin.py:151} INFO - [2025-12-25T00:34:40.672+0000] {dagbag.py:539} INFO - Filling up the DagBag from /opt/airflow/dags/game_analytics_dag.py
[2025-12-25T00:34:40.689+0000] {processor.py:839} INFO - DAG(s) dict_keys(['game_analytics_pipeline']) retrieved from /opt/airflow/dags/game_analytics_dag.py
[2025-12-25T00:34:40.768+0000] {logging_mixin.py:151} INFO - [2025-12-25T00:34:40.768+0000] {dag.py:2907} INFO - Sync 1 DAGs
[2025-12-25T00:34:40.829+0000] {logging_mixin.py:151} INFO - [2025-12-25T00:34:40.829+0000] {dag.py:3677} INFO - Setting next_dagrun for game_analytics_pipeline to 2025-12-25T00:34:00+00:00, run_after=2025-12-25T00:35:00+00:00
[2025-12-25T00:34:40.861+0000] {processor.py:179} INFO - Processing /opt/airflow/dags/game_analytics_dag.py took 0.198 seconds
[2025-12-25T00:35:11.050+0000] {processor.py:157} INFO - Started process (PID=284) to work on /opt/airflow/dags/game_analytics_dag.py
[2025-12-25T00:35:11.056+0000] {processor.py:829} INFO - Processing file /opt/airflow/dags/game_analytics_dag.py for tasks to queue
[2025-12-25T00:35:11.069+0000] {logging_mixin.py:151} INFO - [2025-12-25T00:35:11.068+0000] {dagbag.py:539} INFO - Filling up the DagBag from /opt/airflow/dags/game_analytics_dag.py
[2025-12-25T00:35:11.113+0000] {processor.py:839} INFO - DAG(s) dict_keys(['game_analytics_pipeline']) retrieved from /opt/airflow/dags/game_analytics_dag.py
[2025-12-25T00:35:11.209+0000] {logging_mixin.py:151} INFO - [2025-12-25T00:35:11.209+0000] {dag.py:2907} INFO - Sync 1 DAGs
[2025-12-25T00:35:11.280+0000] {logging_mixin.py:151} INFO - [2025-12-25T00:35:11.278+0000] {dag.py:3677} INFO - Setting next_dagrun for game_analytics_pipeline to 2025-12-25T00:35:00+00:00, run_after=2025-12-25T00:36:00+00:00
[2025-12-25T00:35:11.315+0000] {processor.py:179} INFO - Processing /opt/airflow/dags/game_analytics_dag.py took 0.276 seconds
[2025-12-25T00:35:41.484+0000] {processor.py:157} INFO - Started process (PID=289) to work on /opt/airflow/dags/game_analytics_dag.py
[2025-12-25T00:35:41.485+0000] {processor.py:829} INFO - Processing file /opt/airflow/dags/game_analytics_dag.py for tasks to queue
[2025-12-25T00:35:41.489+0000] {logging_mixin.py:151} INFO - [2025-12-25T00:35:41.488+0000] {dagbag.py:539} INFO - Filling up the DagBag from /opt/airflow/dags/game_analytics_dag.py
[2025-12-25T00:35:41.512+0000] {processor.py:839} INFO - DAG(s) dict_keys(['game_analytics_pipeline']) retrieved from /opt/airflow/dags/game_analytics_dag.py
[2025-12-25T00:35:41.574+0000] {logging_mixin.py:151} INFO - [2025-12-25T00:35:41.574+0000] {dag.py:2907} INFO - Sync 1 DAGs
[2025-12-25T00:35:41.617+0000] {logging_mixin.py:151} INFO - [2025-12-25T00:35:41.617+0000] {dag.py:3677} INFO - Setting next_dagrun for game_analytics_pipeline to 2025-12-25T00:35:00+00:00, run_after=2025-12-25T00:36:00+00:00
[2025-12-25T00:35:41.646+0000] {processor.py:179} INFO - Processing /opt/airflow/dags/game_analytics_dag.py took 0.168 seconds
[2025-12-25T00:36:11.817+0000] {processor.py:157} INFO - Started process (PID=298) to work on /opt/airflow/dags/game_analytics_dag.py
[2025-12-25T00:36:11.818+0000] {processor.py:829} INFO - Processing file /opt/airflow/dags/game_analytics_dag.py for tasks to queue
[2025-12-25T00:36:11.822+0000] {logging_mixin.py:151} INFO - [2025-12-25T00:36:11.821+0000] {dagbag.py:539} INFO - Filling up the DagBag from /opt/airflow/dags/game_analytics_dag.py
[2025-12-25T00:36:11.845+0000] {processor.py:839} INFO - DAG(s) dict_keys(['game_analytics_pipeline']) retrieved from /opt/airflow/dags/game_analytics_dag.py
[2025-12-25T00:36:11.906+0000] {logging_mixin.py:151} INFO - [2025-12-25T00:36:11.906+0000] {dag.py:2907} INFO - Sync 1 DAGs
[2025-12-25T00:36:11.956+0000] {logging_mixin.py:151} INFO - [2025-12-25T00:36:11.956+0000] {dag.py:3677} INFO - Setting next_dagrun for game_analytics_pipeline to 2025-12-25T00:36:00+00:00, run_after=2025-12-25T00:37:00+00:00
[2025-12-25T00:36:11.993+0000] {processor.py:179} INFO - Processing /opt/airflow/dags/game_analytics_dag.py took 0.182 seconds
[2025-12-25T00:36:42.163+0000] {processor.py:157} INFO - Started process (PID=303) to work on /opt/airflow/dags/game_analytics_dag.py
[2025-12-25T00:36:42.165+0000] {processor.py:829} INFO - Processing file /opt/airflow/dags/game_analytics_dag.py for tasks to queue
[2025-12-25T00:36:42.171+0000] {logging_mixin.py:151} INFO - [2025-12-25T00:36:42.170+0000] {dagbag.py:539} INFO - Filling up the DagBag from /opt/airflow/dags/game_analytics_dag.py
[2025-12-25T00:36:42.196+0000] {processor.py:839} INFO - DAG(s) dict_keys(['game_analytics_pipeline']) retrieved from /opt/airflow/dags/game_analytics_dag.py
[2025-12-25T00:36:42.249+0000] {logging_mixin.py:151} INFO - [2025-12-25T00:36:42.249+0000] {dag.py:2907} INFO - Sync 1 DAGs
[2025-12-25T00:36:42.295+0000] {logging_mixin.py:151} INFO - [2025-12-25T00:36:42.295+0000] {dag.py:3677} INFO - Setting next_dagrun for game_analytics_pipeline to 2025-12-25T00:36:00+00:00, run_after=2025-12-25T00:37:00+00:00
[2025-12-25T00:36:42.334+0000] {processor.py:179} INFO - Processing /opt/airflow/dags/game_analytics_dag.py took 0.176 seconds
[2025-12-25T00:37:12.478+0000] {processor.py:157} INFO - Started process (PID=320) to work on /opt/airflow/dags/game_analytics_dag.py
[2025-12-25T00:37:12.480+0000] {processor.py:829} INFO - Processing file /opt/airflow/dags/game_analytics_dag.py for tasks to queue
[2025-12-25T00:37:12.483+0000] {logging_mixin.py:151} INFO - [2025-12-25T00:37:12.483+0000] {dagbag.py:539} INFO - Filling up the DagBag from /opt/airflow/dags/game_analytics_dag.py
[2025-12-25T00:37:12.503+0000] {processor.py:839} INFO - DAG(s) dict_keys(['game_analytics_pipeline']) retrieved from /opt/airflow/dags/game_analytics_dag.py
[2025-12-25T00:37:12.546+0000] {logging_mixin.py:151} INFO - [2025-12-25T00:37:12.545+0000] {dag.py:2907} INFO - Sync 1 DAGs
[2025-12-25T00:37:12.581+0000] {logging_mixin.py:151} INFO - [2025-12-25T00:37:12.581+0000] {dag.py:3677} INFO - Setting next_dagrun for game_analytics_pipeline to 2025-12-25T00:37:00+00:00, run_after=2025-12-25T00:38:00+00:00
[2025-12-25T00:37:12.608+0000] {processor.py:179} INFO - Processing /opt/airflow/dags/game_analytics_dag.py took 0.135 seconds
[2025-12-25T00:37:42.753+0000] {processor.py:157} INFO - Started process (PID=325) to work on /opt/airflow/dags/game_analytics_dag.py
[2025-12-25T00:37:42.755+0000] {processor.py:829} INFO - Processing file /opt/airflow/dags/game_analytics_dag.py for tasks to queue
[2025-12-25T00:37:42.758+0000] {logging_mixin.py:151} INFO - [2025-12-25T00:37:42.758+0000] {dagbag.py:539} INFO - Filling up the DagBag from /opt/airflow/dags/game_analytics_dag.py
[2025-12-25T00:37:42.778+0000] {processor.py:839} INFO - DAG(s) dict_keys(['game_analytics_pipeline']) retrieved from /opt/airflow/dags/game_analytics_dag.py
[2025-12-25T00:37:42.831+0000] {logging_mixin.py:151} INFO - [2025-12-25T00:37:42.831+0000] {dag.py:2907} INFO - Sync 1 DAGs
[2025-12-25T00:37:42.873+0000] {logging_mixin.py:151} INFO - [2025-12-25T00:37:42.873+0000] {dag.py:3677} INFO - Setting next_dagrun for game_analytics_pipeline to 2025-12-25T00:37:00+00:00, run_after=2025-12-25T00:38:00+00:00
[2025-12-25T00:37:42.908+0000] {processor.py:179} INFO - Processing /opt/airflow/dags/game_analytics_dag.py took 0.159 seconds
[2025-12-25T00:38:13.047+0000] {processor.py:157} INFO - Started process (PID=342) to work on /opt/airflow/dags/game_analytics_dag.py
[2025-12-25T00:38:13.048+0000] {processor.py:829} INFO - Processing file /opt/airflow/dags/game_analytics_dag.py for tasks to queue
[2025-12-25T00:38:13.051+0000] {logging_mixin.py:151} INFO - [2025-12-25T00:38:13.050+0000] {dagbag.py:539} INFO - Filling up the DagBag from /opt/airflow/dags/game_analytics_dag.py
[2025-12-25T00:38:13.069+0000] {processor.py:839} INFO - DAG(s) dict_keys(['game_analytics_pipeline']) retrieved from /opt/airflow/dags/game_analytics_dag.py
[2025-12-25T00:38:13.110+0000] {logging_mixin.py:151} INFO - [2025-12-25T00:38:13.110+0000] {dag.py:2907} INFO - Sync 1 DAGs
[2025-12-25T00:38:13.149+0000] {logging_mixin.py:151} INFO - [2025-12-25T00:38:13.149+0000] {dag.py:3677} INFO - Setting next_dagrun for game_analytics_pipeline to 2025-12-25T00:38:00+00:00, run_after=2025-12-25T00:39:00+00:00
[2025-12-25T00:38:13.173+0000] {processor.py:179} INFO - Processing /opt/airflow/dags/game_analytics_dag.py took 0.131 seconds
[2025-12-25T00:38:43.309+0000] {processor.py:157} INFO - Started process (PID=347) to work on /opt/airflow/dags/game_analytics_dag.py
[2025-12-25T00:38:43.311+0000] {processor.py:829} INFO - Processing file /opt/airflow/dags/game_analytics_dag.py for tasks to queue
[2025-12-25T00:38:43.314+0000] {logging_mixin.py:151} INFO - [2025-12-25T00:38:43.313+0000] {dagbag.py:539} INFO - Filling up the DagBag from /opt/airflow/dags/game_analytics_dag.py
[2025-12-25T00:38:43.332+0000] {processor.py:839} INFO - DAG(s) dict_keys(['game_analytics_pipeline']) retrieved from /opt/airflow/dags/game_analytics_dag.py
[2025-12-25T00:38:43.377+0000] {logging_mixin.py:151} INFO - [2025-12-25T00:38:43.376+0000] {dag.py:2907} INFO - Sync 1 DAGs
[2025-12-25T00:38:43.414+0000] {logging_mixin.py:151} INFO - [2025-12-25T00:38:43.414+0000] {dag.py:3677} INFO - Setting next_dagrun for game_analytics_pipeline to 2025-12-25T00:38:00+00:00, run_after=2025-12-25T00:39:00+00:00
[2025-12-25T00:38:43.439+0000] {processor.py:179} INFO - Processing /opt/airflow/dags/game_analytics_dag.py took 0.134 seconds
[2025-12-25T00:39:13.613+0000] {processor.py:157} INFO - Started process (PID=374) to work on /opt/airflow/dags/game_analytics_dag.py
[2025-12-25T00:39:13.614+0000] {processor.py:829} INFO - Processing file /opt/airflow/dags/game_analytics_dag.py for tasks to queue
[2025-12-25T00:39:13.618+0000] {logging_mixin.py:151} INFO - [2025-12-25T00:39:13.617+0000] {dagbag.py:539} INFO - Filling up the DagBag from /opt/airflow/dags/game_analytics_dag.py
[2025-12-25T00:39:13.639+0000] {processor.py:839} INFO - DAG(s) dict_keys(['game_analytics_pipeline']) retrieved from /opt/airflow/dags/game_analytics_dag.py
[2025-12-25T00:39:13.693+0000] {logging_mixin.py:151} INFO - [2025-12-25T00:39:13.693+0000] {dag.py:2907} INFO - Sync 1 DAGs
[2025-12-25T00:39:13.739+0000] {logging_mixin.py:151} INFO - [2025-12-25T00:39:13.739+0000] {dag.py:3677} INFO - Setting next_dagrun for game_analytics_pipeline to 2025-12-25T00:39:00+00:00, run_after=2025-12-25T00:40:00+00:00
[2025-12-25T00:39:13.771+0000] {processor.py:179} INFO - Processing /opt/airflow/dags/game_analytics_dag.py took 0.163 seconds
[2025-12-25T00:39:43.916+0000] {processor.py:157} INFO - Started process (PID=394) to work on /opt/airflow/dags/game_analytics_dag.py
[2025-12-25T00:39:43.917+0000] {processor.py:829} INFO - Processing file /opt/airflow/dags/game_analytics_dag.py for tasks to queue
[2025-12-25T00:39:43.920+0000] {logging_mixin.py:151} INFO - [2025-12-25T00:39:43.920+0000] {dagbag.py:539} INFO - Filling up the DagBag from /opt/airflow/dags/game_analytics_dag.py
[2025-12-25T00:39:43.937+0000] {processor.py:839} INFO - DAG(s) dict_keys(['game_analytics_pipeline']) retrieved from /opt/airflow/dags/game_analytics_dag.py
[2025-12-25T00:39:43.975+0000] {logging_mixin.py:151} INFO - [2025-12-25T00:39:43.974+0000] {dag.py:2907} INFO - Sync 1 DAGs
[2025-12-25T00:39:44.005+0000] {logging_mixin.py:151} INFO - [2025-12-25T00:39:44.005+0000] {dag.py:3677} INFO - Setting next_dagrun for game_analytics_pipeline to 2025-12-25T00:39:00+00:00, run_after=2025-12-25T00:40:00+00:00
[2025-12-25T00:39:44.025+0000] {processor.py:179} INFO - Processing /opt/airflow/dags/game_analytics_dag.py took 0.113 seconds
[2025-12-25T00:40:14.169+0000] {processor.py:157} INFO - Started process (PID=421) to work on /opt/airflow/dags/game_analytics_dag.py
[2025-12-25T00:40:14.171+0000] {processor.py:829} INFO - Processing file /opt/airflow/dags/game_analytics_dag.py for tasks to queue
[2025-12-25T00:40:14.174+0000] {logging_mixin.py:151} INFO - [2025-12-25T00:40:14.174+0000] {dagbag.py:539} INFO - Filling up the DagBag from /opt/airflow/dags/game_analytics_dag.py
[2025-12-25T00:40:14.197+0000] {processor.py:839} INFO - DAG(s) dict_keys(['game_analytics_pipeline']) retrieved from /opt/airflow/dags/game_analytics_dag.py
[2025-12-25T00:40:14.245+0000] {logging_mixin.py:151} INFO - [2025-12-25T00:40:14.245+0000] {dag.py:2907} INFO - Sync 1 DAGs
[2025-12-25T00:40:14.278+0000] {logging_mixin.py:151} INFO - [2025-12-25T00:40:14.278+0000] {dag.py:3677} INFO - Setting next_dagrun for game_analytics_pipeline to 2025-12-25T00:40:00+00:00, run_after=2025-12-25T00:41:00+00:00
[2025-12-25T00:40:14.305+0000] {processor.py:179} INFO - Processing /opt/airflow/dags/game_analytics_dag.py took 0.140 seconds
[2025-12-25T00:40:44.445+0000] {processor.py:157} INFO - Started process (PID=430) to work on /opt/airflow/dags/game_analytics_dag.py
[2025-12-25T00:40:44.447+0000] {processor.py:829} INFO - Processing file /opt/airflow/dags/game_analytics_dag.py for tasks to queue
[2025-12-25T00:40:44.451+0000] {logging_mixin.py:151} INFO - [2025-12-25T00:40:44.450+0000] {dagbag.py:539} INFO - Filling up the DagBag from /opt/airflow/dags/game_analytics_dag.py
[2025-12-25T00:40:44.468+0000] {processor.py:839} INFO - DAG(s) dict_keys(['game_analytics_pipeline']) retrieved from /opt/airflow/dags/game_analytics_dag.py
[2025-12-25T00:40:44.509+0000] {logging_mixin.py:151} INFO - [2025-12-25T00:40:44.509+0000] {dag.py:2907} INFO - Sync 1 DAGs
[2025-12-25T00:40:44.544+0000] {logging_mixin.py:151} INFO - [2025-12-25T00:40:44.544+0000] {dag.py:3677} INFO - Setting next_dagrun for game_analytics_pipeline to 2025-12-25T00:40:00+00:00, run_after=2025-12-25T00:41:00+00:00
[2025-12-25T00:40:44.570+0000] {processor.py:179} INFO - Processing /opt/airflow/dags/game_analytics_dag.py took 0.130 seconds
[2025-12-25T00:41:03.587+0000] {processor.py:157} INFO - Started process (PID=444) to work on /opt/airflow/dags/game_analytics_dag.py
[2025-12-25T00:41:03.589+0000] {processor.py:829} INFO - Processing file /opt/airflow/dags/game_analytics_dag.py for tasks to queue
[2025-12-25T00:41:03.593+0000] {logging_mixin.py:151} INFO - [2025-12-25T00:41:03.593+0000] {dagbag.py:539} INFO - Filling up the DagBag from /opt/airflow/dags/game_analytics_dag.py
[2025-12-25T00:41:03.659+0000] {processor.py:839} INFO - DAG(s) dict_keys(['game_analytics_pipeline']) retrieved from /opt/airflow/dags/game_analytics_dag.py
[2025-12-25T00:41:03.767+0000] {logging_mixin.py:151} INFO - [2025-12-25T00:41:03.767+0000] {dag.py:2907} INFO - Sync 1 DAGs
[2025-12-25T00:41:03.916+0000] {logging_mixin.py:151} INFO - [2025-12-25T00:41:03.914+0000] {dag.py:3677} INFO - Setting next_dagrun for game_analytics_pipeline to 2025-12-25T00:41:00+00:00, run_after=2025-12-25T00:42:00+00:00
[2025-12-25T00:41:04.008+0000] {processor.py:179} INFO - Processing /opt/airflow/dags/game_analytics_dag.py took 0.429 seconds
[2025-12-25T00:41:18.776+0000] {processor.py:157} INFO - Started process (PID=462) to work on /opt/airflow/dags/game_analytics_dag.py
[2025-12-25T00:41:18.777+0000] {processor.py:829} INFO - Processing file /opt/airflow/dags/game_analytics_dag.py for tasks to queue
[2025-12-25T00:41:18.780+0000] {logging_mixin.py:151} INFO - [2025-12-25T00:41:18.780+0000] {dagbag.py:539} INFO - Filling up the DagBag from /opt/airflow/dags/game_analytics_dag.py
[2025-12-25T00:41:18.804+0000] {processor.py:839} INFO - DAG(s) dict_keys(['game_analytics_pipeline']) retrieved from /opt/airflow/dags/game_analytics_dag.py
[2025-12-25T00:41:18.844+0000] {logging_mixin.py:151} INFO - [2025-12-25T00:41:18.844+0000] {dag.py:2907} INFO - Sync 1 DAGs
[2025-12-25T00:41:18.885+0000] {logging_mixin.py:151} INFO - [2025-12-25T00:41:18.885+0000] {dag.py:3677} INFO - Setting next_dagrun for game_analytics_pipeline to 2025-12-25T00:41:00+00:00, run_after=2025-12-25T00:42:00+00:00
[2025-12-25T00:41:18.910+0000] {processor.py:179} INFO - Processing /opt/airflow/dags/game_analytics_dag.py took 0.139 seconds
[2025-12-25T00:41:49.044+0000] {processor.py:157} INFO - Started process (PID=467) to work on /opt/airflow/dags/game_analytics_dag.py
[2025-12-25T00:41:49.046+0000] {processor.py:829} INFO - Processing file /opt/airflow/dags/game_analytics_dag.py for tasks to queue
[2025-12-25T00:41:49.049+0000] {logging_mixin.py:151} INFO - [2025-12-25T00:41:49.049+0000] {dagbag.py:539} INFO - Filling up the DagBag from /opt/airflow/dags/game_analytics_dag.py
[2025-12-25T00:41:49.069+0000] {processor.py:839} INFO - DAG(s) dict_keys(['game_analytics_pipeline']) retrieved from /opt/airflow/dags/game_analytics_dag.py
[2025-12-25T00:41:49.109+0000] {logging_mixin.py:151} INFO - [2025-12-25T00:41:49.108+0000] {dag.py:2907} INFO - Sync 1 DAGs
[2025-12-25T00:41:49.141+0000] {logging_mixin.py:151} INFO - [2025-12-25T00:41:49.141+0000] {dag.py:3677} INFO - Setting next_dagrun for game_analytics_pipeline to 2025-12-25T00:41:00+00:00, run_after=2025-12-25T00:42:00+00:00
[2025-12-25T00:41:49.162+0000] {processor.py:179} INFO - Processing /opt/airflow/dags/game_analytics_dag.py took 0.122 seconds
[2025-12-25T00:42:19.225+0000] {processor.py:157} INFO - Started process (PID=520) to work on /opt/airflow/dags/game_analytics_dag.py
[2025-12-25T00:42:19.226+0000] {processor.py:829} INFO - Processing file /opt/airflow/dags/game_analytics_dag.py for tasks to queue
[2025-12-25T00:42:19.230+0000] {logging_mixin.py:151} INFO - [2025-12-25T00:42:19.230+0000] {dagbag.py:539} INFO - Filling up the DagBag from /opt/airflow/dags/game_analytics_dag.py
[2025-12-25T00:42:19.253+0000] {processor.py:839} INFO - DAG(s) dict_keys(['game_analytics_pipeline']) retrieved from /opt/airflow/dags/game_analytics_dag.py
[2025-12-25T00:42:19.299+0000] {logging_mixin.py:151} INFO - [2025-12-25T00:42:19.299+0000] {dag.py:2907} INFO - Sync 1 DAGs
[2025-12-25T00:42:19.337+0000] {logging_mixin.py:151} INFO - [2025-12-25T00:42:19.337+0000] {dag.py:3677} INFO - Setting next_dagrun for game_analytics_pipeline to 2025-12-25T00:42:00+00:00, run_after=2025-12-25T00:43:00+00:00
[2025-12-25T00:42:19.361+0000] {processor.py:179} INFO - Processing /opt/airflow/dags/game_analytics_dag.py took 0.142 seconds
[2025-12-25T00:42:21.333+0000] {processor.py:157} INFO - Started process (PID=526) to work on /opt/airflow/dags/game_analytics_dag.py
[2025-12-25T00:42:21.334+0000] {processor.py:829} INFO - Processing file /opt/airflow/dags/game_analytics_dag.py for tasks to queue
[2025-12-25T00:42:21.337+0000] {logging_mixin.py:151} INFO - [2025-12-25T00:42:21.337+0000] {dagbag.py:539} INFO - Filling up the DagBag from /opt/airflow/dags/game_analytics_dag.py
[2025-12-25T00:42:21.360+0000] {processor.py:839} INFO - DAG(s) dict_keys(['game_analytics_pipeline']) retrieved from /opt/airflow/dags/game_analytics_dag.py
[2025-12-25T00:42:21.404+0000] {logging_mixin.py:151} INFO - [2025-12-25T00:42:21.404+0000] {dag.py:2907} INFO - Sync 1 DAGs
[2025-12-25T00:42:21.440+0000] {logging_mixin.py:151} INFO - [2025-12-25T00:42:21.440+0000] {dag.py:3677} INFO - Setting next_dagrun for game_analytics_pipeline to 2025-12-25T00:42:00+00:00, run_after=2025-12-25T00:43:00+00:00
[2025-12-25T00:42:21.466+0000] {processor.py:179} INFO - Processing /opt/airflow/dags/game_analytics_dag.py took 0.138 seconds
[2025-12-25T00:42:51.522+0000] {processor.py:157} INFO - Started process (PID=554) to work on /opt/airflow/dags/game_analytics_dag.py
[2025-12-25T00:42:51.524+0000] {processor.py:829} INFO - Processing file /opt/airflow/dags/game_analytics_dag.py for tasks to queue
[2025-12-25T00:42:51.527+0000] {logging_mixin.py:151} INFO - [2025-12-25T00:42:51.527+0000] {dagbag.py:539} INFO - Filling up the DagBag from /opt/airflow/dags/game_analytics_dag.py
[2025-12-25T00:42:51.545+0000] {processor.py:839} INFO - DAG(s) dict_keys(['game_analytics_pipeline']) retrieved from /opt/airflow/dags/game_analytics_dag.py
[2025-12-25T00:42:51.582+0000] {logging_mixin.py:151} INFO - [2025-12-25T00:42:51.582+0000] {dag.py:2907} INFO - Sync 1 DAGs
[2025-12-25T00:42:51.614+0000] {logging_mixin.py:151} INFO - [2025-12-25T00:42:51.614+0000] {dag.py:3677} INFO - Setting next_dagrun for game_analytics_pipeline to 2025-12-25T00:42:00+00:00, run_after=2025-12-25T00:43:00+00:00
[2025-12-25T00:42:51.634+0000] {processor.py:179} INFO - Processing /opt/airflow/dags/game_analytics_dag.py took 0.117 seconds
[2025-12-25T00:43:21.778+0000] {processor.py:157} INFO - Started process (PID=606) to work on /opt/airflow/dags/game_analytics_dag.py
[2025-12-25T00:43:21.781+0000] {processor.py:829} INFO - Processing file /opt/airflow/dags/game_analytics_dag.py for tasks to queue
[2025-12-25T00:43:21.785+0000] {logging_mixin.py:151} INFO - [2025-12-25T00:43:21.784+0000] {dagbag.py:539} INFO - Filling up the DagBag from /opt/airflow/dags/game_analytics_dag.py
[2025-12-25T00:43:21.814+0000] {processor.py:839} INFO - DAG(s) dict_keys(['game_analytics_pipeline']) retrieved from /opt/airflow/dags/game_analytics_dag.py
[2025-12-25T00:43:21.870+0000] {logging_mixin.py:151} INFO - [2025-12-25T00:43:21.870+0000] {dag.py:2907} INFO - Sync 1 DAGs
[2025-12-25T00:43:21.938+0000] {logging_mixin.py:151} INFO - [2025-12-25T00:43:21.938+0000] {dag.py:3677} INFO - Setting next_dagrun for game_analytics_pipeline to 2025-12-25T00:43:00+00:00, run_after=2025-12-25T00:44:00+00:00
[2025-12-25T00:43:21.980+0000] {processor.py:179} INFO - Processing /opt/airflow/dags/game_analytics_dag.py took 0.210 seconds
[2025-12-25T00:43:46.891+0000] {processor.py:157} INFO - Started process (PID=623) to work on /opt/airflow/dags/game_analytics_dag.py
[2025-12-25T00:43:46.892+0000] {processor.py:829} INFO - Processing file /opt/airflow/dags/game_analytics_dag.py for tasks to queue
[2025-12-25T00:43:46.894+0000] {logging_mixin.py:151} INFO - [2025-12-25T00:43:46.894+0000] {dagbag.py:539} INFO - Filling up the DagBag from /opt/airflow/dags/game_analytics_dag.py
[2025-12-25T00:43:46.914+0000] {processor.py:839} INFO - DAG(s) dict_keys(['game_analytics_pipeline']) retrieved from /opt/airflow/dags/game_analytics_dag.py
[2025-12-25T00:43:46.959+0000] {logging_mixin.py:151} INFO - [2025-12-25T00:43:46.959+0000] {dag.py:2907} INFO - Sync 1 DAGs
[2025-12-25T00:43:46.990+0000] {logging_mixin.py:151} INFO - [2025-12-25T00:43:46.990+0000] {dag.py:3677} INFO - Setting next_dagrun for game_analytics_pipeline to 2025-12-25T00:43:00+00:00, run_after=2025-12-25T00:44:00+00:00
[2025-12-25T00:43:47.010+0000] {processor.py:179} INFO - Processing /opt/airflow/dags/game_analytics_dag.py took 0.124 seconds
[2025-12-25T00:44:17.160+0000] {processor.py:157} INFO - Started process (PID=644) to work on /opt/airflow/dags/game_analytics_dag.py
[2025-12-25T00:44:17.162+0000] {processor.py:829} INFO - Processing file /opt/airflow/dags/game_analytics_dag.py for tasks to queue
[2025-12-25T00:44:17.166+0000] {logging_mixin.py:151} INFO - [2025-12-25T00:44:17.165+0000] {dagbag.py:539} INFO - Filling up the DagBag from /opt/airflow/dags/game_analytics_dag.py
[2025-12-25T00:44:17.183+0000] {processor.py:839} INFO - DAG(s) dict_keys(['game_analytics_pipeline']) retrieved from /opt/airflow/dags/game_analytics_dag.py
[2025-12-25T00:44:17.222+0000] {logging_mixin.py:151} INFO - [2025-12-25T00:44:17.222+0000] {dag.py:2907} INFO - Sync 1 DAGs
[2025-12-25T00:44:17.256+0000] {logging_mixin.py:151} INFO - [2025-12-25T00:44:17.256+0000] {dag.py:3677} INFO - Setting next_dagrun for game_analytics_pipeline to 2025-12-25T00:44:00+00:00, run_after=2025-12-25T00:45:00+00:00
[2025-12-25T00:44:17.279+0000] {processor.py:179} INFO - Processing /opt/airflow/dags/game_analytics_dag.py took 0.123 seconds
[2025-12-25T00:44:47.418+0000] {processor.py:157} INFO - Started process (PID=667) to work on /opt/airflow/dags/game_analytics_dag.py
[2025-12-25T00:44:47.419+0000] {processor.py:829} INFO - Processing file /opt/airflow/dags/game_analytics_dag.py for tasks to queue
[2025-12-25T00:44:47.422+0000] {logging_mixin.py:151} INFO - [2025-12-25T00:44:47.422+0000] {dagbag.py:539} INFO - Filling up the DagBag from /opt/airflow/dags/game_analytics_dag.py
[2025-12-25T00:44:47.439+0000] {processor.py:839} INFO - DAG(s) dict_keys(['game_analytics_pipeline']) retrieved from /opt/airflow/dags/game_analytics_dag.py
[2025-12-25T00:44:47.479+0000] {logging_mixin.py:151} INFO - [2025-12-25T00:44:47.479+0000] {dag.py:2907} INFO - Sync 1 DAGs
[2025-12-25T00:44:47.513+0000] {logging_mixin.py:151} INFO - [2025-12-25T00:44:47.513+0000] {dag.py:3677} INFO - Setting next_dagrun for game_analytics_pipeline to 2025-12-25T00:44:00+00:00, run_after=2025-12-25T00:45:00+00:00
[2025-12-25T00:44:47.533+0000] {processor.py:179} INFO - Processing /opt/airflow/dags/game_analytics_dag.py took 0.119 seconds
