[2025-12-25T00:40:18.187+0000] {taskinstance.py:1159} INFO - Dependencies all met for dep_context=non-requeueable deps ti=<TaskInstance: game_analytics_pipeline.etl_mongo_to_postgres scheduled__2025-12-25T00:34:00+00:00 [queued]>
[2025-12-25T00:40:18.203+0000] {taskinstance.py:1159} INFO - Dependencies all met for dep_context=requeueable deps ti=<TaskInstance: game_analytics_pipeline.etl_mongo_to_postgres scheduled__2025-12-25T00:34:00+00:00 [queued]>
[2025-12-25T00:40:18.203+0000] {taskinstance.py:1361} INFO - Starting attempt 1 of 3
[2025-12-25T00:40:18.224+0000] {taskinstance.py:1382} INFO - Executing <Task(PythonOperator): etl_mongo_to_postgres> on 2025-12-25 00:34:00+00:00
[2025-12-25T00:40:18.235+0000] {standard_task_runner.py:57} INFO - Started process 427 to run task
[2025-12-25T00:40:18.238+0000] {standard_task_runner.py:84} INFO - Running: ['airflow', 'tasks', 'run', 'game_analytics_pipeline', 'etl_mongo_to_postgres', 'scheduled__2025-12-25T00:34:00+00:00', '--job-id', '32', '--raw', '--subdir', 'DAGS_FOLDER/game_analytics_dag.py', '--cfg-path', '/tmp/tmp1tkvxe9_']
[2025-12-25T00:40:18.242+0000] {standard_task_runner.py:85} INFO - Job 32: Subtask etl_mongo_to_postgres
[2025-12-25T00:40:18.323+0000] {task_command.py:415} INFO - Running <TaskInstance: game_analytics_pipeline.etl_mongo_to_postgres scheduled__2025-12-25T00:34:00+00:00 [running]> on host e8498d52dcd6
[2025-12-25T00:40:18.443+0000] {taskinstance.py:1660} INFO - Exporting env vars: AIRFLOW_CTX_DAG_OWNER='game_analytics_team' AIRFLOW_CTX_DAG_ID='game_analytics_pipeline' AIRFLOW_CTX_TASK_ID='etl_mongo_to_postgres' AIRFLOW_CTX_EXECUTION_DATE='2025-12-25T00:34:00+00:00' AIRFLOW_CTX_TRY_NUMBER='1' AIRFLOW_CTX_DAG_RUN_ID='scheduled__2025-12-25T00:34:00+00:00'
[2025-12-25T00:40:18.467+0000] {taskinstance.py:1943} ERROR - Task failed with exception
Traceback (most recent call last):
  File "/home/airflow/.local/lib/python3.11/site-packages/airflow/operators/python.py", line 192, in execute
    return_value = self.execute_callable()
                   ^^^^^^^^^^^^^^^^^^^^^^^
  File "/home/airflow/.local/lib/python3.11/site-packages/airflow/operators/python.py", line 209, in execute_callable
    return self.python_callable(*self.op_args, **self.op_kwargs)
           ^^^^^^^^^^^^^^^^^^^^^^^^^^^^^^^^^^^^^^^^^^^^^^^^^^^^^
  File "/opt/airflow/dags/game_analytics_dag.py", line 245, in etl_mongo_to_postgres
    for txn in transactions:
  File "/home/airflow/.local/lib/python3.11/site-packages/pymongo/cursor.py", line 1251, in next
    if len(self.__data) or self._refresh():
                           ^^^^^^^^^^^^^^^
  File "/home/airflow/.local/lib/python3.11/site-packages/pymongo/cursor.py", line 1168, in _refresh
    self.__send_message(q)
  File "/home/airflow/.local/lib/python3.11/site-packages/pymongo/cursor.py", line 1055, in __send_message
    response = client._run_operation(
               ^^^^^^^^^^^^^^^^^^^^^^
  File "/home/airflow/.local/lib/python3.11/site-packages/pymongo/_csot.py", line 106, in csot_wrapper
    return func(self, *args, **kwargs)
           ^^^^^^^^^^^^^^^^^^^^^^^^^^^
  File "/home/airflow/.local/lib/python3.11/site-packages/pymongo/mongo_client.py", line 1341, in _run_operation
    return self._retryable_read(
           ^^^^^^^^^^^^^^^^^^^^^
  File "/home/airflow/.local/lib/python3.11/site-packages/pymongo/_csot.py", line 106, in csot_wrapper
    return func(self, *args, **kwargs)
           ^^^^^^^^^^^^^^^^^^^^^^^^^^^
  File "/home/airflow/.local/lib/python3.11/site-packages/pymongo/mongo_client.py", line 1465, in _retryable_read
    return func(session, server, sock_info, read_pref)
           ^^^^^^^^^^^^^^^^^^^^^^^^^^^^^^^^^^^^^^^^^^^
  File "/home/airflow/.local/lib/python3.11/site-packages/pymongo/mongo_client.py", line 1337, in _cmd
    return server.run_operation(
           ^^^^^^^^^^^^^^^^^^^^^
  File "/home/airflow/.local/lib/python3.11/site-packages/pymongo/helpers.py", line 279, in inner
    return func(*args, **kwargs)
           ^^^^^^^^^^^^^^^^^^^^^
  File "/home/airflow/.local/lib/python3.11/site-packages/pymongo/server.py", line 135, in run_operation
    _check_command_response(first, sock_info.max_wire_version)
  File "/home/airflow/.local/lib/python3.11/site-packages/pymongo/helpers.py", line 194, in _check_command_response
    raise OperationFailure(errmsg, code, response, max_wire_version)
pymongo.errors.OperationFailure: command find requires authentication, full error: {'ok': 0.0, 'errmsg': 'command find requires authentication', 'code': 13, 'codeName': 'Unauthorized'}
[2025-12-25T00:40:18.496+0000] {taskinstance.py:1400} INFO - Marking task as UP_FOR_RETRY. dag_id=game_analytics_pipeline, task_id=etl_mongo_to_postgres, execution_date=20251225T003400, start_date=20251225T004018, end_date=20251225T004018
[2025-12-25T00:40:18.512+0000] {standard_task_runner.py:104} ERROR - Failed to execute job 32 for task etl_mongo_to_postgres (command find requires authentication, full error: {'ok': 0.0, 'errmsg': 'command find requires authentication', 'code': 13, 'codeName': 'Unauthorized'}; 427)
[2025-12-25T00:40:18.532+0000] {local_task_job_runner.py:228} INFO - Task exited with return code 1
[2025-12-25T00:40:18.567+0000] {taskinstance.py:2784} INFO - 0 downstream tasks scheduled from follow-on schedule check
