[2025-12-25T00:44:03.522+0000] {taskinstance.py:1159} INFO - Dependencies all met for dep_context=non-requeueable deps ti=<TaskInstance: game_analytics_pipeline.ingest_kafka_to_mongodb scheduled__2025-12-25T00:43:00+00:00 [queued]>
[2025-12-25T00:44:03.535+0000] {taskinstance.py:1159} INFO - Dependencies all met for dep_context=requeueable deps ti=<TaskInstance: game_analytics_pipeline.ingest_kafka_to_mongodb scheduled__2025-12-25T00:43:00+00:00 [queued]>
[2025-12-25T00:44:03.538+0000] {taskinstance.py:1361} INFO - Starting attempt 1 of 3
[2025-12-25T00:44:03.563+0000] {taskinstance.py:1382} INFO - Executing <Task(PythonOperator): ingest_kafka_to_mongodb> on 2025-12-25 00:43:00+00:00
[2025-12-25T00:44:03.577+0000] {standard_task_runner.py:57} INFO - Started process 634 to run task
[2025-12-25T00:44:03.584+0000] {standard_task_runner.py:84} INFO - Running: ['airflow', 'tasks', 'run', 'game_analytics_pipeline', 'ingest_kafka_to_mongodb', 'scheduled__2025-12-25T00:43:00+00:00', '--job-id', '77', '--raw', '--subdir', 'DAGS_FOLDER/game_analytics_dag.py', '--cfg-path', '/tmp/tmpdqyhli3t']
[2025-12-25T00:44:03.594+0000] {standard_task_runner.py:85} INFO - Job 77: Subtask ingest_kafka_to_mongodb
[2025-12-25T00:44:03.763+0000] {task_command.py:415} INFO - Running <TaskInstance: game_analytics_pipeline.ingest_kafka_to_mongodb scheduled__2025-12-25T00:43:00+00:00 [running]> on host e8498d52dcd6
[2025-12-25T00:44:04.025+0000] {taskinstance.py:1660} INFO - Exporting env vars: AIRFLOW_CTX_DAG_OWNER='game_analytics_team' AIRFLOW_CTX_DAG_ID='game_analytics_pipeline' AIRFLOW_CTX_TASK_ID='ingest_kafka_to_mongodb' AIRFLOW_CTX_EXECUTION_DATE='2025-12-25T00:43:00+00:00' AIRFLOW_CTX_TRY_NUMBER='1' AIRFLOW_CTX_DAG_RUN_ID='scheduled__2025-12-25T00:43:00+00:00'
[2025-12-25T00:44:04.287+0000] {base.py:73} INFO - Using connection ID 'mongo_default' for task execution.
[2025-12-25T00:44:04.303+0000] {conn.py:400} INFO - <BrokerConnection client_id=kafka-python-2.3.0, node_id=bootstrap-0 host=kafka:29092 <connecting> [IPv4 ('172.31.0.6', 29092)]>: connecting to kafka:29092 [('172.31.0.6', 29092) IPv4]
[2025-12-25T00:44:04.308+0000] {conn.py:622} INFO - <BrokerConnection client_id=kafka-python-2.3.0, node_id=bootstrap-0 host=kafka:29092 <checking_api_versions_recv> [IPv4 ('172.31.0.6', 29092)]>: Broker version identified as 2.6
[2025-12-25T00:44:04.308+0000] {conn.py:461} INFO - <BrokerConnection client_id=kafka-python-2.3.0, node_id=bootstrap-0 host=kafka:29092 <connected> [IPv4 ('172.31.0.6', 29092)]>: Connection complete.
[2025-12-25T00:44:04.310+0000] {subscription_state.py:181} INFO - Updating subscribed topics to: ('GameAnalytics',)
[2025-12-25T00:44:04.317+0000] {conn.py:400} INFO - <BrokerConnection client_id=kafka-python-2.3.0, node_id=1 host=kafka:29092 <connecting> [IPv4 ('172.31.0.6', 29092)]>: connecting to kafka:29092 [('172.31.0.6', 29092) IPv4]
[2025-12-25T00:44:04.318+0000] {conn.py:461} INFO - <BrokerConnection client_id=kafka-python-2.3.0, node_id=1 host=kafka:29092 <connected> [IPv4 ('172.31.0.6', 29092)]>: Connection complete.
[2025-12-25T00:44:04.318+0000] {conn.py:951} INFO - <BrokerConnection client_id=kafka-python-2.3.0, node_id=bootstrap-0 host=kafka:29092 <connected> [IPv4 ('172.31.0.6', 29092)]>: Closing connection. 
[2025-12-25T00:44:04.421+0000] {cluster.py:403} INFO - Coordinator for group/airflow_ingestion_v2 is ('coordinator-1', 'kafka', 29092, None)
[2025-12-25T00:44:04.421+0000] {base.py:835} INFO - Discovered coordinator coordinator-1 for group airflow_ingestion_v2
[2025-12-25T00:44:04.422+0000] {base.py:895} INFO - Starting new heartbeat thread
[2025-12-25T00:44:04.422+0000] {consumer.py:379} INFO - Revoking previously assigned partitions () for group airflow_ingestion_v2
[2025-12-25T00:44:04.422+0000] {base.py:433} INFO - Failed to join group airflow_ingestion_v2: NodeNotReadyError: coordinator-1
[2025-12-25T00:44:04.423+0000] {conn.py:400} INFO - <BrokerConnection client_id=kafka-python-2.3.0, node_id=coordinator-1 host=kafka:29092 <connecting> [IPv4 ('172.31.0.6', 29092)]>: connecting to kafka:29092 [('172.31.0.6', 29092) IPv4]
[2025-12-25T00:44:04.424+0000] {conn.py:461} INFO - <BrokerConnection client_id=kafka-python-2.3.0, node_id=coordinator-1 host=kafka:29092 <connected> [IPv4 ('172.31.0.6', 29092)]>: Connection complete.
[2025-12-25T00:44:04.524+0000] {base.py:546} INFO - (Re-)joining group airflow_ingestion_v2
[2025-12-25T00:44:04.526+0000] {base.py:661} INFO - Received member id kafka-python-2.3.0-c6b0477f-4851-4758-8e53-ed2352d45000 for group airflow_ingestion_v2; will retry join-group
[2025-12-25T00:44:04.527+0000] {base.py:433} INFO - Failed to join group airflow_ingestion_v2: [Error 79] MemberIdRequiredError
[2025-12-25T00:44:04.527+0000] {base.py:546} INFO - (Re-)joining group airflow_ingestion_v2
[2025-12-25T00:44:07.529+0000] {base.py:617} INFO - Successfully joined group airflow_ingestion_v2 <Generation 11 (member_id: kafka-python-2.3.0-c6b0477f-4851-4758-8e53-ed2352d45000, protocol: range)>
[2025-12-25T00:44:07.529+0000] {base.py:619} INFO - Elected group leader -- performing partition assignments using range
[2025-12-25T00:44:07.533+0000] {subscription_state.py:254} INFO - Updated partition assignment: [('GameAnalytics', 0)]
[2025-12-25T00:44:07.533+0000] {consumer.py:260} INFO - Setting newly assigned partitions (('GameAnalytics', 0),) for group airflow_ingestion_v2
[2025-12-25T00:44:07.536+0000] {fetcher.py:418} INFO - Resetting offset for partition ('GameAnalytics', 0) to offset 0.
[2025-12-25T00:44:07.644+0000] {taskinstance.py:1943} ERROR - Task failed with exception
Traceback (most recent call last):
  File "/home/airflow/.local/lib/python3.11/site-packages/airflow/operators/python.py", line 192, in execute
    return_value = self.execute_callable()
                   ^^^^^^^^^^^^^^^^^^^^^^^
  File "/home/airflow/.local/lib/python3.11/site-packages/airflow/operators/python.py", line 209, in execute_callable
    return self.python_callable(*self.op_args, **self.op_kwargs)
           ^^^^^^^^^^^^^^^^^^^^^^^^^^^^^^^^^^^^^^^^^^^^^^^^^^^^^
  File "/opt/airflow/dags/game_analytics_dag.py", line 195, in ingest_kafka_to_mongo
    collection.replace_one(filter_query, event, upsert=True)
  File "/home/airflow/.local/lib/python3.11/site-packages/pymongo/collection.py", line 939, in replace_one
    self._update_retryable(
  File "/home/airflow/.local/lib/python3.11/site-packages/pymongo/collection.py", line 847, in _update_retryable
    return self.__database.client._retryable_write(
           ^^^^^^^^^^^^^^^^^^^^^^^^^^^^^^^^^^^^^^^^
  File "/home/airflow/.local/lib/python3.11/site-packages/pymongo/mongo_client.py", line 1493, in _retryable_write
    return self._retry_with_session(retryable, func, s, None)
           ^^^^^^^^^^^^^^^^^^^^^^^^^^^^^^^^^^^^^^^^^^^^^^^^^^
  File "/home/airflow/.local/lib/python3.11/site-packages/pymongo/mongo_client.py", line 1360, in _retry_with_session
    return self._retry_internal(retryable, func, session, bulk)
           ^^^^^^^^^^^^^^^^^^^^^^^^^^^^^^^^^^^^^^^^^^^^^^^^^^^^
  File "/home/airflow/.local/lib/python3.11/site-packages/pymongo/_csot.py", line 106, in csot_wrapper
    return func(self, *args, **kwargs)
           ^^^^^^^^^^^^^^^^^^^^^^^^^^^
  File "/home/airflow/.local/lib/python3.11/site-packages/pymongo/mongo_client.py", line 1401, in _retry_internal
    return func(session, sock_info, retryable)
           ^^^^^^^^^^^^^^^^^^^^^^^^^^^^^^^^^^^
  File "/home/airflow/.local/lib/python3.11/site-packages/pymongo/collection.py", line 828, in _update
    return self._update(
           ^^^^^^^^^^^^^
  File "/home/airflow/.local/lib/python3.11/site-packages/pymongo/collection.py", line 793, in _update
    _check_write_command_response(result)
  File "/home/airflow/.local/lib/python3.11/site-packages/pymongo/helpers.py", line 230, in _check_write_command_response
    _raise_last_write_error(write_errors)
  File "/home/airflow/.local/lib/python3.11/site-packages/pymongo/helpers.py", line 202, in _raise_last_write_error
    raise DuplicateKeyError(error.get("errmsg"), 11000, error)
pymongo.errors.DuplicateKeyError: E11000 duplicate key error collection: game_analytics.transactions index: transaction_id_1 dup key: { : null }, full error: {'index': 0, 'code': 11000, 'errmsg': 'E11000 duplicate key error collection: game_analytics.transactions index: transaction_id_1 dup key: { : null }'}
[2025-12-25T00:44:07.670+0000] {taskinstance.py:1400} INFO - Marking task as UP_FOR_RETRY. dag_id=game_analytics_pipeline, task_id=ingest_kafka_to_mongodb, execution_date=20251225T004300, start_date=20251225T004403, end_date=20251225T004407
[2025-12-25T00:44:07.687+0000] {standard_task_runner.py:104} ERROR - Failed to execute job 77 for task ingest_kafka_to_mongodb (E11000 duplicate key error collection: game_analytics.transactions index: transaction_id_1 dup key: { : null }, full error: {'index': 0, 'code': 11000, 'errmsg': 'E11000 duplicate key error collection: game_analytics.transactions index: transaction_id_1 dup key: { : null }'}; 634)
[2025-12-25T00:44:07.704+0000] {local_task_job_runner.py:228} INFO - Task exited with return code 1
[2025-12-25T00:44:07.744+0000] {taskinstance.py:2784} INFO - 0 downstream tasks scheduled from follow-on schedule check
